{"/home/travis/build/npmtest/node-npmtest-net-snmp/test.js":{"path":"/home/travis/build/npmtest/node-npmtest-net-snmp/test.js","s":{"1":2,"2":2,"3":2,"4":2,"5":2,"6":2,"7":2,"8":1,"9":2,"10":2,"11":1,"12":1,"13":1,"14":1,"15":2,"16":2,"17":2,"18":2,"19":1,"20":1,"21":2,"22":2,"23":2,"24":1,"25":1,"26":1,"27":1,"28":1,"29":1,"30":1,"31":1,"32":1,"33":1,"34":1,"35":1,"36":1,"37":1,"38":1,"39":2,"40":2,"41":1,"42":2,"43":2,"44":1,"45":2,"46":2,"47":1,"48":2,"49":2,"50":1,"51":1,"52":1,"53":1,"54":1},"b":{"1":[2,1,1,1],"2":[1,1,1,1],"3":[1,1],"4":[1,1],"5":[1,1],"6":[1,1],"7":[1,1],"8":[1,1],"9":[1,1],"10":[1,1,1],"11":[1,1],"12":[1,1],"13":[1,1],"14":[1,1],"15":[1,1],"16":[1,1],"17":[1,1]},"f":{"1":2,"2":2,"3":2,"4":2,"5":2,"6":1,"7":1,"8":1,"9":2,"10":2,"11":2,"12":2,"13":1},"fnMap":{"1":{"name":"(anonymous_1)","line":12,"loc":{"start":{"line":12,"column":1},"end":{"line":12,"column":13}}},"2":{"name":"(anonymous_2)","line":19,"loc":{"start":{"line":19,"column":5},"end":{"line":19,"column":17}}},"3":{"name":"(anonymous_3)","line":23,"loc":{"start":{"line":23,"column":24},"end":{"line":23,"column":36}}},"4":{"name":"(anonymous_4)","line":61,"loc":{"start":{"line":61,"column":5},"end":{"line":61,"column":17}}},"5":{"name":"(anonymous_5)","line":82,"loc":{"start":{"line":82,"column":5},"end":{"line":82,"column":17}}},"6":{"name":"(anonymous_6)","line":91,"loc":{"start":{"line":91,"column":77},"end":{"line":94,"column":10}}},"7":{"name":"(anonymous_7)","line":112,"loc":{"start":{"line":112,"column":83},"end":{"line":115,"column":10}},"skip":true},"8":{"name":"(anonymous_8)","line":123,"loc":{"start":{"line":123,"column":77},"end":{"line":126,"column":10}},"skip":true},"9":{"name":"(anonymous_9)","line":139,"loc":{"start":{"line":139,"column":12},"end":{"line":139,"column":40}},"skip":true},"10":{"name":"(anonymous_10)","line":147,"loc":{"start":{"line":147,"column":77},"end":{"line":150,"column":10}},"skip":true},"11":{"name":"(anonymous_11)","line":158,"loc":{"start":{"line":158,"column":83},"end":{"line":161,"column":10}},"skip":true},"12":{"name":"(anonymous_12)","line":169,"loc":{"start":{"line":169,"column":79},"end":{"line":172,"column":10}},"skip":true},"13":{"name":"(anonymous_13)","line":180,"loc":{"start":{"line":180,"column":75},"end":{"line":183,"column":10}},"skip":true}},"statementMap":{"1":{"start":{"line":12,"column":0},"end":{"line":195,"column":5}},"2":{"start":{"line":14,"column":4},"end":{"line":14,"column":14}},"3":{"start":{"line":19,"column":4},"end":{"line":56,"column":9}},"4":{"start":{"line":21,"column":8},"end":{"line":21,"column":19}},"5":{"start":{"line":23,"column":8},"end":{"line":35,"column":13}},"6":{"start":{"line":24,"column":12},"end":{"line":34,"column":13}},"7":{"start":{"line":25,"column":16},"end":{"line":28,"column":30}},"8":{"start":{"line":30,"column":16},"end":{"line":33,"column":27}},"9":{"start":{"line":37,"column":8},"end":{"line":39,"column":21}},"10":{"start":{"line":40,"column":8},"end":{"line":53,"column":9}},"11":{"start":{"line":43,"column":12},"end":{"line":46,"column":14}},"12":{"start":{"line":47,"column":12},"end":{"line":47,"column":18}},"13":{"start":{"line":50,"column":12},"end":{"line":51,"column":46}},"14":{"start":{"line":52,"column":12},"end":{"line":52,"column":18}},"15":{"start":{"line":55,"column":8},"end":{"line":55,"column":35}},"16":{"start":{"line":61,"column":4},"end":{"line":63,"column":9}},"17":{"start":{"line":62,"column":8},"end":{"line":62,"column":15}},"18":{"start":{"line":64,"column":4},"end":{"line":77,"column":5}},"19":{"start":{"line":70,"column":8},"end":{"line":70,"column":14}},"20":{"start":{"line":76,"column":8},"end":{"line":76,"column":14}},"21":{"start":{"line":82,"column":4},"end":{"line":84,"column":9}},"22":{"start":{"line":83,"column":8},"end":{"line":83,"column":15}},"23":{"start":{"line":85,"column":4},"end":{"line":194,"column":5}},"24":{"start":{"line":91,"column":8},"end":{"line":99,"column":10}},"25":{"start":{"line":98,"column":12},"end":{"line":98,"column":35}},"26":{"start":{"line":102,"column":8},"end":{"line":104,"column":63}},"27":{"start":{"line":105,"column":8},"end":{"line":105,"column":14}},"28":{"start":{"line":112,"column":8},"end":{"line":121,"column":10},"skip":true},"29":{"start":{"line":119,"column":12},"end":{"line":119,"column":55},"skip":true},"30":{"start":{"line":120,"column":12},"end":{"line":120,"column":48},"skip":true},"31":{"start":{"line":123,"column":8},"end":{"line":136,"column":10},"skip":true},"32":{"start":{"line":130,"column":12},"end":{"line":130,"column":76},"skip":true},"33":{"start":{"line":131,"column":12},"end":{"line":131,"column":73},"skip":true},"34":{"start":{"line":132,"column":12},"end":{"line":132,"column":74},"skip":true},"35":{"start":{"line":133,"column":12},"end":{"line":133,"column":79},"skip":true},"36":{"start":{"line":134,"column":12},"end":{"line":134,"column":25},"skip":true},"37":{"start":{"line":135,"column":12},"end":{"line":135,"column":45},"skip":true},"38":{"start":{"line":138,"column":8},"end":{"line":145,"column":14},"skip":true},"39":{"start":{"line":143,"column":16},"end":{"line":143,"column":29},"skip":true},"40":{"start":{"line":144,"column":16},"end":{"line":144,"column":55},"skip":true},"41":{"start":{"line":147,"column":8},"end":{"line":156,"column":10},"skip":true},"42":{"start":{"line":154,"column":12},"end":{"line":154,"column":25},"skip":true},"43":{"start":{"line":155,"column":12},"end":{"line":155,"column":45},"skip":true},"44":{"start":{"line":158,"column":8},"end":{"line":167,"column":10},"skip":true},"45":{"start":{"line":165,"column":12},"end":{"line":165,"column":25},"skip":true},"46":{"start":{"line":166,"column":12},"end":{"line":166,"column":48},"skip":true},"47":{"start":{"line":169,"column":8},"end":{"line":178,"column":10},"skip":true},"48":{"start":{"line":176,"column":12},"end":{"line":176,"column":25},"skip":true},"49":{"start":{"line":177,"column":12},"end":{"line":177,"column":46},"skip":true},"50":{"start":{"line":180,"column":8},"end":{"line":189,"column":10},"skip":true},"51":{"start":{"line":187,"column":12},"end":{"line":187,"column":94},"skip":true},"52":{"start":{"line":188,"column":12},"end":{"line":188,"column":48},"skip":true},"53":{"start":{"line":192,"column":8},"end":{"line":192,"column":35},"skip":true},"54":{"start":{"line":193,"column":8},"end":{"line":193,"column":14},"skip":true}},"branchMap":{"1":{"line":25,"type":"binary-expr","locations":[{"start":{"line":25,"column":23},"end":{"line":25,"column":62}},{"start":{"line":26,"column":20},"end":{"line":26,"column":70}},{"start":{"line":27,"column":20},"end":{"line":27,"column":71}},{"start":{"line":28,"column":20},"end":{"line":28,"column":29}}]},"2":{"line":30,"type":"binary-expr","locations":[{"start":{"line":30,"column":23},"end":{"line":30,"column":37}},{"start":{"line":31,"column":20},"end":{"line":31,"column":61}},{"start":{"line":32,"column":20},"end":{"line":32,"column":70}},{"start":{"line":33,"column":20},"end":{"line":33,"column":26}}]},"3":{"line":37,"type":"cond-expr","locations":[{"start":{"line":38,"column":14},"end":{"line":38,"column":20}},{"start":{"line":39,"column":14},"end":{"line":39,"column":20}}]},"4":{"line":40,"type":"switch","locations":[{"start":{"line":42,"column":8},"end":{"line":47,"column":18}},{"start":{"line":49,"column":8},"end":{"line":52,"column":18}}]},"5":{"line":44,"type":"binary-expr","locations":[{"start":{"line":44,"column":16},"end":{"line":44,"column":44}},{"start":{"line":44,"column":48},"end":{"line":44,"column":66}}]},"6":{"line":50,"type":"binary-expr","locations":[{"start":{"line":50,"column":21},"end":{"line":50,"column":49}},{"start":{"line":50,"column":53},"end":{"line":50,"column":72}}]},"7":{"line":64,"type":"switch","locations":[{"start":{"line":69,"column":4},"end":{"line":70,"column":14}},{"start":{"line":75,"column":4},"end":{"line":76,"column":14}}]},"8":{"line":85,"type":"switch","locations":[{"start":{"line":90,"column":4},"end":{"line":105,"column":14}},{"start":{"line":111,"column":4},"end":{"line":193,"column":14},"skip":true}]},"9":{"line":91,"type":"binary-expr","locations":[{"start":{"line":91,"column":42},"end":{"line":91,"column":73}},{"start":{"line":91,"column":77},"end":{"line":99,"column":9}}]},"10":{"line":102,"type":"binary-expr","locations":[{"start":{"line":102,"column":18},"end":{"line":102,"column":32}},{"start":{"line":103,"column":12},"end":{"line":103,"column":53}},{"start":{"line":104,"column":12},"end":{"line":104,"column":61}}]},"11":{"line":112,"type":"binary-expr","locations":[{"start":{"line":112,"column":45},"end":{"line":112,"column":79},"skip":true},{"start":{"line":112,"column":83},"end":{"line":121,"column":9},"skip":true}]},"12":{"line":123,"type":"binary-expr","locations":[{"start":{"line":123,"column":42},"end":{"line":123,"column":73},"skip":true},{"start":{"line":123,"column":77},"end":{"line":136,"column":9},"skip":true}]},"13":{"line":138,"type":"binary-expr","locations":[{"start":{"line":138,"column":48},"end":{"line":138,"column":85},"skip":true},{"start":{"line":139,"column":12},"end":{"line":145,"column":13},"skip":true}]},"14":{"line":147,"type":"binary-expr","locations":[{"start":{"line":147,"column":42},"end":{"line":147,"column":73},"skip":true},{"start":{"line":147,"column":77},"end":{"line":156,"column":9},"skip":true}]},"15":{"line":158,"type":"binary-expr","locations":[{"start":{"line":158,"column":45},"end":{"line":158,"column":79},"skip":true},{"start":{"line":158,"column":83},"end":{"line":167,"column":9},"skip":true}]},"16":{"line":169,"type":"binary-expr","locations":[{"start":{"line":169,"column":43},"end":{"line":169,"column":75},"skip":true},{"start":{"line":169,"column":79},"end":{"line":178,"column":9},"skip":true}]},"17":{"line":180,"type":"binary-expr","locations":[{"start":{"line":180,"column":41},"end":{"line":180,"column":71},"skip":true},{"start":{"line":180,"column":75},"end":{"line":189,"column":9},"skip":true}]}},"code":["/* istanbul instrument in package npmtest_net_snmp */","/*jslint","    bitwise: true,","    browser: true,","    maxerr: 8,","    maxlen: 96,","    node: true,","    nomen: true,","    regexp: true,","    stupid: true","*/","(function () {","    'use strict';","    var local;","","","","    // run shared js-env code - pre-init","    (function () {","        // init local","        local = {};","        // init modeJs","        local.modeJs = (function () {","            try {","                return typeof navigator.userAgent === 'string' &&","                    typeof document.querySelector('body') === 'object' &&","                    typeof XMLHttpRequest.prototype.open === 'function' &&","                    'browser';","            } catch (errorCaughtBrowser) {","                return module.exports &&","                    typeof process.versions.node === 'string' &&","                    typeof require('http').createServer === 'function' &&","                    'node';","            }","        }());","        // init global","        local.global = local.modeJs === 'browser'","            ? window","            : global;","        switch (local.modeJs) {","        // re-init local from window.local","        case 'browser':","            local = local.global.utility2.objectSetDefault(","                local.global.utility2_rollup || local.global.local,","                local.global.utility2","            );","            break;","        // re-init local from example.js","        case 'node':","            local = (local.global.utility2_rollup || require('utility2'))","                .requireExampleJsFromReadme();","            break;","        }","        // export local","        local.global.local = local;","    }());","","","","    // run shared js-env code - function","    (function () {","        return;","    }());","    switch (local.modeJs) {","","","","    // run browser js-env code - function","    case 'browser':","        break;","","","","    // run node js-env code - function","    case 'node':","        break;","    }","","","","    // run shared js-env code - post-init","    (function () {","        return;","    }());","    switch (local.modeJs) {","","","","    // run browser js-env code - post-init","    case 'browser':","        local.testCase_browser_nullCase = local.testCase_browser_nullCase || function (","            options,","            onError","        ) {","        /*","         * this function will test browsers's null-case handling-behavior-behavior","         */","            onError(null, options);","        };","","        // run tests","        local.nop(local.modeTest &&","            document.querySelector('#testRunButton1') &&","            document.querySelector('#testRunButton1').click());","        break;","","","","    // run node js-env code - post-init","    /* istanbul ignore next */","    case 'node':","        local.testCase_buildApidoc_default = local.testCase_buildApidoc_default || function (","            options,","            onError","        ) {","        /*","         * this function will test buildApidoc's default handling-behavior-behavior","         */","            options = { modulePathList: module.paths };","            local.buildApidoc(options, onError);","        };","","        local.testCase_buildApp_default = local.testCase_buildApp_default || function (","            options,","            onError","        ) {","        /*","         * this function will test buildApp's default handling-behavior-behavior","         */","            local.testCase_buildReadme_default(options, local.onErrorThrow);","            local.testCase_buildLib_default(options, local.onErrorThrow);","            local.testCase_buildTest_default(options, local.onErrorThrow);","            local.testCase_buildCustomOrg_default(options, local.onErrorThrow);","            options = [];","            local.buildApp(options, onError);","        };","","        local.testCase_buildCustomOrg_default = local.testCase_buildCustomOrg_default ||","            function (options, onError) {","            /*","             * this function will test buildCustomOrg's default handling-behavior","             */","                options = {};","                local.buildCustomOrg(options, onError);","            };","","        local.testCase_buildLib_default = local.testCase_buildLib_default || function (","            options,","            onError","        ) {","        /*","         * this function will test buildLib's default handling-behavior","         */","            options = {};","            local.buildLib(options, onError);","        };","","        local.testCase_buildReadme_default = local.testCase_buildReadme_default || function (","            options,","            onError","        ) {","        /*","         * this function will test buildReadme's default handling-behavior-behavior","         */","            options = {};","            local.buildReadme(options, onError);","        };","","        local.testCase_buildTest_default = local.testCase_buildTest_default || function (","            options,","            onError","        ) {","        /*","         * this function will test buildTest's default handling-behavior","         */","            options = {};","            local.buildTest(options, onError);","        };","","        local.testCase_webpage_default = local.testCase_webpage_default || function (","            options,","            onError","        ) {","        /*","         * this function will test webpage's default handling-behavior","         */","            options = { modeCoverageMerge: true, url: local.serverLocalHost + '?modeTest=1' };","            local.browserTest(options, onError);","        };","","        // run test-server","        local.testRunServer(local);","        break;","    }","}());",""],"l":{"12":2,"14":2,"19":2,"21":2,"23":2,"24":2,"25":2,"30":1,"37":2,"40":2,"43":1,"47":1,"50":1,"52":1,"55":2,"61":2,"62":2,"64":2,"70":1,"76":1,"82":2,"83":2,"85":2,"91":1,"98":1,"102":1,"105":1,"112":1,"119":1,"120":1,"123":1,"130":1,"131":1,"132":1,"133":1,"134":1,"135":1,"138":1,"143":2,"144":2,"147":1,"154":2,"155":2,"158":1,"165":2,"166":2,"169":1,"176":2,"177":2,"180":1,"187":1,"188":1,"192":1,"193":1}},"/home/travis/build/npmtest/node-npmtest-net-snmp/lib.npmtest_net_snmp.js":{"path":"/home/travis/build/npmtest/node-npmtest-net-snmp/lib.npmtest_net_snmp.js","s":{"1":2,"2":2,"3":2,"4":2,"5":2,"6":2,"7":2,"8":1,"9":2,"10":2,"11":2,"12":2,"13":1,"14":1,"15":1,"16":1},"b":{"1":[2,1,1,1],"2":[1,1,1,1],"3":[1,1],"4":[2,2],"5":[1,1]},"f":{"1":2,"2":2,"3":2},"fnMap":{"1":{"name":"(anonymous_1)","line":12,"loc":{"start":{"line":12,"column":1},"end":{"line":12,"column":13}}},"2":{"name":"(anonymous_2)","line":19,"loc":{"start":{"line":19,"column":5},"end":{"line":19,"column":17}}},"3":{"name":"(anonymous_3)","line":23,"loc":{"start":{"line":23,"column":24},"end":{"line":23,"column":36}}}},"statementMap":{"1":{"start":{"line":12,"column":0},"end":{"line":53,"column":5}},"2":{"start":{"line":14,"column":4},"end":{"line":14,"column":14}},"3":{"start":{"line":19,"column":4},"end":{"line":52,"column":9}},"4":{"start":{"line":21,"column":8},"end":{"line":21,"column":19}},"5":{"start":{"line":23,"column":8},"end":{"line":35,"column":13}},"6":{"start":{"line":24,"column":12},"end":{"line":34,"column":13}},"7":{"start":{"line":25,"column":16},"end":{"line":28,"column":30}},"8":{"start":{"line":30,"column":16},"end":{"line":33,"column":27}},"9":{"start":{"line":37,"column":8},"end":{"line":39,"column":21}},"10":{"start":{"line":41,"column":8},"end":{"line":41,"column":54}},"11":{"start":{"line":43,"column":8},"end":{"line":43,"column":53}},"12":{"start":{"line":45,"column":8},"end":{"line":51,"column":9}},"13":{"start":{"line":46,"column":12},"end":{"line":46,"column":59}},"14":{"start":{"line":48,"column":12},"end":{"line":48,"column":35}},"15":{"start":{"line":49,"column":12},"end":{"line":49,"column":49}},"16":{"start":{"line":50,"column":12},"end":{"line":50,"column":43}}},"branchMap":{"1":{"line":25,"type":"binary-expr","locations":[{"start":{"line":25,"column":23},"end":{"line":25,"column":62}},{"start":{"line":26,"column":20},"end":{"line":26,"column":70}},{"start":{"line":27,"column":20},"end":{"line":27,"column":71}},{"start":{"line":28,"column":20},"end":{"line":28,"column":29}}]},"2":{"line":30,"type":"binary-expr","locations":[{"start":{"line":30,"column":23},"end":{"line":30,"column":37}},{"start":{"line":31,"column":20},"end":{"line":31,"column":61}},{"start":{"line":32,"column":20},"end":{"line":32,"column":70}},{"start":{"line":33,"column":20},"end":{"line":33,"column":26}}]},"3":{"line":37,"type":"cond-expr","locations":[{"start":{"line":38,"column":14},"end":{"line":38,"column":20}},{"start":{"line":39,"column":14},"end":{"line":39,"column":20}}]},"4":{"line":41,"type":"binary-expr","locations":[{"start":{"line":41,"column":16},"end":{"line":41,"column":44}},{"start":{"line":41,"column":48},"end":{"line":41,"column":53}}]},"5":{"line":45,"type":"if","locations":[{"start":{"line":45,"column":8},"end":{"line":45,"column":8}},{"start":{"line":45,"column":8},"end":{"line":45,"column":8}}]}},"code":["/* istanbul instrument in package npmtest_net_snmp */","/*jslint","    bitwise: true,","    browser: true,","    maxerr: 8,","    maxlen: 96,","    node: true,","    nomen: true,","    regexp: true,","    stupid: true","*/","(function () {","    'use strict';","    var local;","","","","    // run shared js-env code - pre-init","    (function () {","        // init local","        local = {};","        // init modeJs","        local.modeJs = (function () {","            try {","                return typeof navigator.userAgent === 'string' &&","                    typeof document.querySelector('body') === 'object' &&","                    typeof XMLHttpRequest.prototype.open === 'function' &&","                    'browser';","            } catch (errorCaughtBrowser) {","                return module.exports &&","                    typeof process.versions.node === 'string' &&","                    typeof require('http').createServer === 'function' &&","                    'node';","            }","        }());","        // init global","        local.global = local.modeJs === 'browser'","            ? window","            : global;","        // init utility2_rollup","        local = local.global.utility2_rollup || local;","        // init lib","        local.local = local.npmtest_net_snmp = local;","        // init exports","        if (local.modeJs === 'browser') {","            local.global.utility2_npmtest_net_snmp = local;","        } else {","            module.exports = local;","            module.exports.__dirname = __dirname;","            module.exports.module = module;","        }","    }());","}());",""],"l":{"12":2,"14":2,"19":2,"21":2,"23":2,"24":2,"25":2,"30":1,"37":2,"41":2,"43":2,"45":2,"46":1,"48":1,"49":1,"50":1}},"/home/travis/build/npmtest/node-npmtest-net-snmp/example.js":{"path":"/home/travis/build/npmtest/node-npmtest-net-snmp/example.js","s":{"1":2,"2":2,"3":2,"4":2,"5":2,"6":2,"7":2,"8":1,"9":2,"10":2,"11":2,"12":2,"13":1,"14":2,"15":2,"16":2,"17":2,"18":2,"19":0,"20":2,"21":1,"22":1,"23":1,"24":1,"25":1,"26":0,"27":0,"28":1,"29":1,"30":2,"31":0,"32":0,"33":0,"34":1,"35":2,"36":2,"37":3,"38":3,"39":3,"40":3,"41":0,"42":3,"43":3,"44":3,"45":1,"46":3,"47":1,"48":1,"49":1,"50":1,"51":1,"52":1,"53":1,"54":1,"55":1,"56":1,"57":0,"58":1,"59":6,"60":6,"61":1,"62":2,"63":0,"64":2,"65":1,"66":1,"67":0,"68":0,"69":0,"70":0,"71":0,"72":0,"73":0,"74":0,"75":0,"76":0,"77":0,"78":0,"79":0,"80":0,"81":0,"82":0,"83":0},"b":{"1":[2,1,1,1],"2":[1,1,1,1],"3":[1,1],"4":[2,2],"5":[1,1],"6":[1,1],"7":[2,0],"8":[2,1,1,1,1,1],"9":[0,2,0],"10":[1,1],"11":[2,1,1],"12":[1,0],"13":[0,2],"14":[2,0,0,0,0,0,0],"15":[0,3],"16":[3,0],"17":[1,1],"18":[0,1],"19":[1,2,0,2],"20":[1,0],"21":[1,1],"22":[0,0],"23":[0,0],"24":[0,0],"25":[0,0],"26":[0,0],"27":[0,0],"28":[0,0]},"f":{"1":2,"2":2,"3":2,"4":2,"5":2,"6":2,"7":3,"8":3,"9":3,"10":1,"11":6,"12":0},"fnMap":{"1":{"name":"(anonymous_1)","line":26,"loc":{"start":{"line":26,"column":1},"end":{"line":26,"column":13}}},"2":{"name":"(anonymous_2)","line":33,"loc":{"start":{"line":33,"column":5},"end":{"line":33,"column":17}}},"3":{"name":"(anonymous_3)","line":37,"loc":{"start":{"line":37,"column":24},"end":{"line":37,"column":36}}},"4":{"name":"(anonymous_4)","line":69,"loc":{"start":{"line":69,"column":31},"end":{"line":69,"column":48}},"skip":true},"5":{"name":"(anonymous_5)","line":78,"loc":{"start":{"line":78,"column":26},"end":{"line":78,"column":45}},"skip":true},"6":{"name":"(anonymous_6)","line":123,"loc":{"start":{"line":123,"column":33},"end":{"line":123,"column":48}},"skip":true},"7":{"name":"(anonymous_7)","line":125,"loc":{"start":{"line":125,"column":27},"end":{"line":125,"column":39}},"skip":true},"8":{"name":"(anonymous_8)","line":133,"loc":{"start":{"line":133,"column":59},"end":{"line":133,"column":74}},"skip":true},"9":{"name":"(anonymous_9)","line":143,"loc":{"start":{"line":143,"column":45},"end":{"line":143,"column":62}},"skip":true},"10":{"name":"(anonymous_10)","line":144,"loc":{"start":{"line":144,"column":73},"end":{"line":144,"column":92}},"skip":true},"11":{"name":"(anonymous_11)","line":272,"loc":{"start":{"line":272,"column":51},"end":{"line":272,"column":77}},"skip":true},"12":{"name":"(anonymous_12)","line":315,"loc":{"start":{"line":315,"column":32},"end":{"line":315,"column":61}},"skip":true}},"statementMap":{"1":{"start":{"line":26,"column":0},"end":{"line":326,"column":5}},"2":{"start":{"line":28,"column":4},"end":{"line":28,"column":14}},"3":{"start":{"line":33,"column":4},"end":{"line":60,"column":9}},"4":{"start":{"line":35,"column":8},"end":{"line":35,"column":19}},"5":{"start":{"line":37,"column":8},"end":{"line":49,"column":13}},"6":{"start":{"line":38,"column":12},"end":{"line":48,"column":13}},"7":{"start":{"line":39,"column":16},"end":{"line":42,"column":30}},"8":{"start":{"line":44,"column":16},"end":{"line":47,"column":27}},"9":{"start":{"line":51,"column":8},"end":{"line":53,"column":21}},"10":{"start":{"line":55,"column":8},"end":{"line":57,"column":45}},"11":{"start":{"line":59,"column":8},"end":{"line":59,"column":35}},"12":{"start":{"line":61,"column":4},"end":{"line":325,"column":5}},"13":{"start":{"line":69,"column":8},"end":{"line":121,"column":10},"skip":true},"14":{"start":{"line":70,"column":12},"end":{"line":88,"column":13},"skip":true},"15":{"start":{"line":76,"column":16},"end":{"line":87,"column":19},"skip":true},"16":{"start":{"line":79,"column":20},"end":{"line":86,"column":21},"skip":true},"17":{"start":{"line":82,"column":24},"end":{"line":82,"column":43},"skip":true},"18":{"start":{"line":83,"column":24},"end":{"line":83,"column":30},"skip":true},"19":{"start":{"line":85,"column":24},"end":{"line":85,"column":49},"skip":true},"20":{"start":{"line":89,"column":12},"end":{"line":107,"column":13},"skip":true},"21":{"start":{"line":92,"column":16},"end":{"line":102,"column":17},"skip":true},"22":{"start":{"line":93,"column":20},"end":{"line":93,"column":86},"skip":true},"23":{"start":{"line":94,"column":20},"end":{"line":95,"column":45},"skip":true},"24":{"start":{"line":96,"column":20},"end":{"line":96,"column":42},"skip":true},"25":{"start":{"line":97,"column":20},"end":{"line":97,"column":48},"skip":true},"26":{"start":{"line":100,"column":20},"end":{"line":100,"column":85},"skip":true},"27":{"start":{"line":101,"column":20},"end":{"line":101,"column":96},"skip":true},"28":{"start":{"line":103,"column":16},"end":{"line":103,"column":22},"skip":true},"29":{"start":{"line":106,"column":16},"end":{"line":106,"column":22},"skip":true},"30":{"start":{"line":108,"column":12},"end":{"line":120,"column":13},"skip":true},"31":{"start":{"line":114,"column":16},"end":{"line":119,"column":17},"skip":true},"32":{"start":{"line":116,"column":20},"end":{"line":116,"column":78},"skip":true},"33":{"start":{"line":118,"column":20},"end":{"line":118,"column":47},"skip":true},"34":{"start":{"line":123,"column":8},"end":{"line":141,"column":11},"skip":true},"35":{"start":{"line":124,"column":12},"end":{"line":124,"column":54},"skip":true},"36":{"start":{"line":125,"column":12},"end":{"line":140,"column":14},"skip":true},"37":{"start":{"line":126,"column":16},"end":{"line":126,"column":28},"skip":true},"38":{"start":{"line":127,"column":16},"end":{"line":127,"column":69},"skip":true},"39":{"start":{"line":128,"column":16},"end":{"line":128,"column":75},"skip":true},"40":{"start":{"line":129,"column":16},"end":{"line":131,"column":17},"skip":true},"41":{"start":{"line":130,"column":20},"end":{"line":130,"column":27},"skip":true},"42":{"start":{"line":133,"column":16},"end":{"line":137,"column":36},"skip":true},"43":{"start":{"line":134,"column":20},"end":{"line":136,"column":55},"skip":true},"44":{"start":{"line":139,"column":16},"end":{"line":139,"column":57},"skip":true},"45":{"start":{"line":143,"column":8},"end":{"line":147,"column":11},"skip":true},"46":{"start":{"line":144,"column":12},"end":{"line":146,"column":15},"skip":true},"47":{"start":{"line":145,"column":16},"end":{"line":145,"column":70},"skip":true},"48":{"start":{"line":149,"column":8},"end":{"line":149,"column":31},"skip":true},"49":{"start":{"line":150,"column":8},"end":{"line":150,"column":14},"skip":true},"50":{"start":{"line":158,"column":8},"end":{"line":158,"column":31},"skip":true},"51":{"start":{"line":160,"column":8},"end":{"line":160,"column":33},"skip":true},"52":{"start":{"line":161,"column":8},"end":{"line":161,"column":37},"skip":true},"53":{"start":{"line":162,"column":8},"end":{"line":162,"column":35},"skip":true},"54":{"start":{"line":164,"column":8},"end":{"line":164,"column":50},"skip":true},"55":{"start":{"line":166,"column":8},"end":{"line":256,"column":2},"skip":true},"56":{"start":{"line":258,"column":8},"end":{"line":286,"column":9},"skip":true},"57":{"start":{"line":259,"column":12},"end":{"line":269,"column":14},"skip":true},"58":{"start":{"line":271,"column":12},"end":{"line":285,"column":19},"skip":true},"59":{"start":{"line":274,"column":20},"end":{"line":274,"column":35},"skip":true},"60":{"start":{"line":275,"column":20},"end":{"line":284,"column":21},"skip":true},"61":{"start":{"line":277,"column":24},"end":{"line":277,"column":64},"skip":true},"62":{"start":{"line":279,"column":24},"end":{"line":279,"column":40},"skip":true},"63":{"start":{"line":281,"column":24},"end":{"line":281,"column":40},"skip":true},"64":{"start":{"line":283,"column":24},"end":{"line":283,"column":39},"skip":true},"65":{"start":{"line":288,"column":8},"end":{"line":290,"column":9},"skip":true},"66":{"start":{"line":289,"column":12},"end":{"line":289,"column":18},"skip":true},"67":{"start":{"line":291,"column":8},"end":{"line":293,"column":54},"skip":true},"68":{"start":{"line":296,"column":8},"end":{"line":301,"column":37},"skip":true},"69":{"start":{"line":303,"column":8},"end":{"line":303,"column":82},"skip":true},"70":{"start":{"line":306,"column":8},"end":{"line":308,"column":9},"skip":true},"71":{"start":{"line":307,"column":12},"end":{"line":307,"column":82},"skip":true},"72":{"start":{"line":310,"column":8},"end":{"line":312,"column":9},"skip":true},"73":{"start":{"line":311,"column":12},"end":{"line":311,"column":18},"skip":true},"74":{"start":{"line":313,"column":8},"end":{"line":313,"column":54},"skip":true},"75":{"start":{"line":314,"column":8},"end":{"line":314,"column":69},"skip":true},"76":{"start":{"line":315,"column":8},"end":{"line":323,"column":36},"skip":true},"77":{"start":{"line":316,"column":12},"end":{"line":316,"column":61},"skip":true},"78":{"start":{"line":317,"column":12},"end":{"line":320,"column":13},"skip":true},"79":{"start":{"line":318,"column":16},"end":{"line":318,"column":75},"skip":true},"80":{"start":{"line":319,"column":16},"end":{"line":319,"column":23},"skip":true},"81":{"start":{"line":321,"column":12},"end":{"line":321,"column":38},"skip":true},"82":{"start":{"line":322,"column":12},"end":{"line":322,"column":27},"skip":true},"83":{"start":{"line":324,"column":8},"end":{"line":324,"column":14},"skip":true}},"branchMap":{"1":{"line":39,"type":"binary-expr","locations":[{"start":{"line":39,"column":23},"end":{"line":39,"column":62}},{"start":{"line":40,"column":20},"end":{"line":40,"column":70}},{"start":{"line":41,"column":20},"end":{"line":41,"column":71}},{"start":{"line":42,"column":20},"end":{"line":42,"column":29}}]},"2":{"line":44,"type":"binary-expr","locations":[{"start":{"line":44,"column":23},"end":{"line":44,"column":37}},{"start":{"line":45,"column":20},"end":{"line":45,"column":61}},{"start":{"line":46,"column":20},"end":{"line":46,"column":70}},{"start":{"line":47,"column":20},"end":{"line":47,"column":26}}]},"3":{"line":51,"type":"cond-expr","locations":[{"start":{"line":52,"column":14},"end":{"line":52,"column":20}},{"start":{"line":53,"column":14},"end":{"line":53,"column":20}}]},"4":{"line":55,"type":"binary-expr","locations":[{"start":{"line":55,"column":16},"end":{"line":55,"column":44}},{"start":{"line":55,"column":49},"end":{"line":57,"column":43}}]},"5":{"line":55,"type":"cond-expr","locations":[{"start":{"line":56,"column":14},"end":{"line":56,"column":52}},{"start":{"line":57,"column":14},"end":{"line":57,"column":43}}]},"6":{"line":61,"type":"switch","locations":[{"start":{"line":68,"column":4},"end":{"line":150,"column":14},"skip":true},{"start":{"line":156,"column":4},"end":{"line":324,"column":14},"skip":true}]},"7":{"line":70,"type":"if","locations":[{"start":{"line":70,"column":12},"end":{"line":70,"column":12},"skip":true},{"start":{"line":70,"column":12},"end":{"line":70,"column":12},"skip":true}]},"8":{"line":70,"type":"binary-expr","locations":[{"start":{"line":70,"column":16},"end":{"line":70,"column":22},"skip":true},{"start":{"line":70,"column":27},"end":{"line":70,"column":32},"skip":true},{"start":{"line":71,"column":20},"end":{"line":71,"column":39},"skip":true},{"start":{"line":72,"column":20},"end":{"line":72,"column":49},"skip":true},{"start":{"line":73,"column":20},"end":{"line":73,"column":58},"skip":true},{"start":{"line":74,"column":20},"end":{"line":74,"column":69},"skip":true}]},"9":{"line":79,"type":"switch","locations":[{"start":{"line":80,"column":20},"end":{"line":80,"column":33},"skip":true},{"start":{"line":81,"column":20},"end":{"line":83,"column":30},"skip":true},{"start":{"line":84,"column":20},"end":{"line":85,"column":49},"skip":true}]},"10":{"line":89,"type":"switch","locations":[{"start":{"line":90,"column":12},"end":{"line":103,"column":22},"skip":true},{"start":{"line":105,"column":12},"end":{"line":106,"column":22},"skip":true}]},"11":{"line":89,"type":"binary-expr","locations":[{"start":{"line":89,"column":20},"end":{"line":89,"column":25},"skip":true},{"start":{"line":89,"column":29},"end":{"line":89,"column":48},"skip":true},{"start":{"line":89,"column":52},"end":{"line":89,"column":74},"skip":true}]},"12":{"line":92,"type":"if","locations":[{"start":{"line":92,"column":16},"end":{"line":92,"column":16},"skip":true},{"start":{"line":92,"column":16},"end":{"line":92,"column":16},"skip":true}]},"13":{"line":108,"type":"if","locations":[{"start":{"line":108,"column":12},"end":{"line":108,"column":12},"skip":true},{"start":{"line":108,"column":12},"end":{"line":108,"column":12},"skip":true}]},"14":{"line":108,"type":"binary-expr","locations":[{"start":{"line":108,"column":16},"end":{"line":108,"column":61},"skip":true},{"start":{"line":108,"column":66},"end":{"line":108,"column":72},"skip":true},{"start":{"line":108,"column":77},"end":{"line":108,"column":82},"skip":true},{"start":{"line":109,"column":20},"end":{"line":109,"column":39},"skip":true},{"start":{"line":110,"column":20},"end":{"line":110,"column":49},"skip":true},{"start":{"line":111,"column":20},"end":{"line":111,"column":58},"skip":true},{"start":{"line":112,"column":20},"end":{"line":112,"column":68},"skip":true}]},"15":{"line":129,"type":"if","locations":[{"start":{"line":129,"column":16},"end":{"line":129,"column":16},"skip":true},{"start":{"line":129,"column":16},"end":{"line":129,"column":16},"skip":true}]},"16":{"line":134,"type":"cond-expr","locations":[{"start":{"line":135,"column":26},"end":{"line":135,"column":29},"skip":true},{"start":{"line":136,"column":26},"end":{"line":136,"column":54},"skip":true}]},"17":{"line":164,"type":"binary-expr","locations":[{"start":{"line":164,"column":27},"end":{"line":164,"column":43},"skip":true},{"start":{"line":164,"column":47},"end":{"line":164,"column":49},"skip":true}]},"18":{"line":258,"type":"if","locations":[{"start":{"line":258,"column":8},"end":{"line":258,"column":8},"skip":true},{"start":{"line":258,"column":8},"end":{"line":258,"column":8},"skip":true}]},"19":{"line":275,"type":"switch","locations":[{"start":{"line":276,"column":20},"end":{"line":277,"column":64},"skip":true},{"start":{"line":278,"column":20},"end":{"line":279,"column":40},"skip":true},{"start":{"line":280,"column":20},"end":{"line":281,"column":40},"skip":true},{"start":{"line":282,"column":20},"end":{"line":283,"column":39},"skip":true}]},"20":{"line":288,"type":"if","locations":[{"start":{"line":288,"column":8},"end":{"line":288,"column":8},"skip":true},{"start":{"line":288,"column":8},"end":{"line":288,"column":8},"skip":true}]},"21":{"line":288,"type":"binary-expr","locations":[{"start":{"line":288,"column":12},"end":{"line":288,"column":40},"skip":true},{"start":{"line":288,"column":44},"end":{"line":288,"column":67},"skip":true}]},"22":{"line":292,"type":"binary-expr","locations":[{"start":{"line":292,"column":12},"end":{"line":292,"column":50},"skip":true},{"start":{"line":293,"column":12},"end":{"line":293,"column":53},"skip":true}]},"23":{"line":297,"type":"binary-expr","locations":[{"start":{"line":297,"column":12},"end":{"line":297,"column":66},"skip":true},{"start":{"line":298,"column":12},"end":{"line":301,"column":36},"skip":true}]},"24":{"line":303,"type":"binary-expr","locations":[{"start":{"line":303,"column":43},"end":{"line":303,"column":75},"skip":true},{"start":{"line":303,"column":79},"end":{"line":303,"column":81},"skip":true}]},"25":{"line":306,"type":"if","locations":[{"start":{"line":306,"column":8},"end":{"line":306,"column":8},"skip":true},{"start":{"line":306,"column":8},"end":{"line":306,"column":8},"skip":true}]},"26":{"line":310,"type":"if","locations":[{"start":{"line":310,"column":8},"end":{"line":310,"column":8},"skip":true},{"start":{"line":310,"column":8},"end":{"line":310,"column":8},"skip":true}]},"27":{"line":313,"type":"binary-expr","locations":[{"start":{"line":313,"column":27},"end":{"line":313,"column":43},"skip":true},{"start":{"line":313,"column":47},"end":{"line":313,"column":53},"skip":true}]},"28":{"line":317,"type":"if","locations":[{"start":{"line":317,"column":12},"end":{"line":317,"column":12},"skip":true},{"start":{"line":317,"column":12},"end":{"line":317,"column":12},"skip":true}]}},"code":["/*","example.js","","quickstart example","","instruction","    1. save this script as example.js","    2. run the shell command:","        $ npm install npmtest-net-snmp && PORT=8081 node example.js","    3. play with the browser-demo on http://127.0.0.1:8081","*/","","","","/* istanbul instrument in package npmtest_net_snmp */","/*jslint","    bitwise: true,","    browser: true,","    maxerr: 8,","    maxlen: 96,","    node: true,","    nomen: true,","    regexp: true,","    stupid: true","*/","(function () {","    'use strict';","    var local;","","","","    // run shared js-env code - pre-init","    (function () {","        // init local","        local = {};","        // init modeJs","        local.modeJs = (function () {","            try {","                return typeof navigator.userAgent === 'string' &&","                    typeof document.querySelector('body') === 'object' &&","                    typeof XMLHttpRequest.prototype.open === 'function' &&","                    'browser';","            } catch (errorCaughtBrowser) {","                return module.exports &&","                    typeof process.versions.node === 'string' &&","                    typeof require('http').createServer === 'function' &&","                    'node';","            }","        }());","        // init global","        local.global = local.modeJs === 'browser'","            ? window","            : global;","        // init utility2_rollup","        local = local.global.utility2_rollup || (local.modeJs === 'browser'","            ? local.global.utility2_npmtest_net_snmp","            : global.utility2_moduleExports);","        // export local","        local.global.local = local;","    }());","    switch (local.modeJs) {","","","","    // post-init","    // run browser js-env code - post-init","    /* istanbul ignore next */","    case 'browser':","        local.testRunBrowser = function (event) {","            if (!event || (event &&","                    event.currentTarget &&","                    event.currentTarget.className &&","                    event.currentTarget.className.includes &&","                    event.currentTarget.className.includes('onreset'))) {","                // reset output","                Array.from(","                    document.querySelectorAll('body > .resettable')","                ).forEach(function (element) {","                    switch (element.tagName) {","                    case 'INPUT':","                    case 'TEXTAREA':","                        element.value = '';","                        break;","                    default:","                        element.textContent = '';","                    }","                });","            }","            switch (event && event.currentTarget && event.currentTarget.id) {","            case 'testRunButton1':","                // show tests","                if (document.querySelector('#testReportDiv1').style.display === 'none') {","                    document.querySelector('#testReportDiv1').style.display = 'block';","                    document.querySelector('#testRunButton1').textContent =","                        'hide internal test';","                    local.modeTest = true;","                    local.testRunDefault(local);","                // hide tests","                } else {","                    document.querySelector('#testReportDiv1').style.display = 'none';","                    document.querySelector('#testRunButton1').textContent = 'run internal test';","                }","                break;","            // custom-case","            default:","                break;","            }","            if (document.querySelector('#inputTextareaEval1') && (!event || (event &&","                    event.currentTarget &&","                    event.currentTarget.className &&","                    event.currentTarget.className.includes &&","                    event.currentTarget.className.includes('oneval')))) {","                // try to eval input-code","                try {","                    /*jslint evil: true*/","                    eval(document.querySelector('#inputTextareaEval1').value);","                } catch (errorCaught) {","                    console.error(errorCaught);","                }","            }","        };","        // log stderr and stdout to #outputTextareaStdout1","        ['error', 'log'].forEach(function (key) {","            console[key + '_original'] = console[key];","            console[key] = function () {","                var element;","                console[key + '_original'].apply(console, arguments);","                element = document.querySelector('#outputTextareaStdout1');","                if (!element) {","                    return;","                }","                // append text to #outputTextareaStdout1","                element.value += Array.from(arguments).map(function (arg) {","                    return typeof arg === 'string'","                        ? arg","                        : JSON.stringify(arg, null, 4);","                }).join(' ') + '\\n';","                // scroll textarea to bottom","                element.scrollTop = element.scrollHeight;","            };","        });","        // init event-handling","        ['change', 'click', 'keyup'].forEach(function (event) {","            Array.from(document.querySelectorAll('.on' + event)).forEach(function (element) {","                element.addEventListener(event, local.testRunBrowser);","            });","        });","        // run tests","        local.testRunBrowser();","        break;","","","","    // run node js-env code - post-init","    /* istanbul ignore next */","    case 'node':","        // export local","        module.exports = local;","        // require modules","        local.fs = require('fs');","        local.http = require('http');","        local.url = require('url');","        // init assets","        local.assetsDict = local.assetsDict || {};","        /* jslint-ignore-begin */","        local.assetsDict['/assets.index.template.html'] = '\\","<!doctype html>\\n\\","<html lang=\"en\">\\n\\","<head>\\n\\","<meta charset=\"UTF-8\">\\n\\","<meta name=\"viewport\" content=\"width=device-width, initial-scale=1\">\\n\\","<title>{{env.npm_package_name}} (v{{env.npm_package_version}})</title>\\n\\","<style>\\n\\","/*csslint\\n\\","    box-sizing: false,\\n\\","    universal-selector: false\\n\\","*/\\n\\","* {\\n\\","    box-sizing: border-box;\\n\\","}\\n\\","body {\\n\\","    background: #dde;\\n\\","    font-family: Arial, Helvetica, sans-serif;\\n\\","    margin: 2rem;\\n\\","}\\n\\","body > * {\\n\\","    margin-bottom: 1rem;\\n\\","}\\n\\",".utility2FooterDiv {\\n\\","    margin-top: 20px;\\n\\","    text-align: center;\\n\\","}\\n\\","</style>\\n\\","<style>\\n\\","/*csslint\\n\\","*/\\n\\","textarea {\\n\\","    font-family: monospace;\\n\\","    height: 10rem;\\n\\","    width: 100%;\\n\\","}\\n\\","textarea[readonly] {\\n\\","    background: #ddd;\\n\\","}\\n\\","</style>\\n\\","</head>\\n\\","<body>\\n\\","<!-- utility2-comment\\n\\","<div id=\"ajaxProgressDiv1\" style=\"background: #d00; height: 2px; left: 0; margin: 0; padding: 0; position: fixed; top: 0; transition: background 0.5s, width 1.5s; width: 25%;\"></div>\\n\\","utility2-comment -->\\n\\","<h1>\\n\\","<!-- utility2-comment\\n\\","    <a\\n\\","        {{#if env.npm_package_homepage}}\\n\\","        href=\"{{env.npm_package_homepage}}\"\\n\\","        {{/if env.npm_package_homepage}}\\n\\","        target=\"_blank\"\\n\\","    >\\n\\","utility2-comment -->\\n\\","        {{env.npm_package_name}} (v{{env.npm_package_version}})\\n\\","<!-- utility2-comment\\n\\","    </a>\\n\\","utility2-comment -->\\n\\","</h1>\\n\\","<h3>{{env.npm_package_description}}</h3>\\n\\","<!-- utility2-comment\\n\\","<h4><a download href=\"assets.app.js\">download standalone app</a></h4>\\n\\","<button class=\"onclick onreset\" id=\"testRunButton1\">run internal test</button><br>\\n\\","<div id=\"testReportDiv1\" style=\"display: none;\"></div>\\n\\","utility2-comment -->\\n\\","\\n\\","\\n\\","\\n\\","<label>stderr and stdout</label>\\n\\","<textarea class=\"resettable\" id=\"outputTextareaStdout1\" readonly></textarea>\\n\\","<!-- utility2-comment\\n\\","{{#if isRollup}}\\n\\","<script src=\"assets.app.js\"></script>\\n\\","{{#unless isRollup}}\\n\\","utility2-comment -->\\n\\","<script src=\"assets.utility2.rollup.js\"></script>\\n\\","<script src=\"jsonp.utility2._stateInit?callback=window.utility2._stateInit\"></script>\\n\\","<script src=\"assets.npmtest_net_snmp.rollup.js\"></script>\\n\\","<script src=\"assets.example.js\"></script>\\n\\","<script src=\"assets.test.js\"></script>\\n\\","<!-- utility2-comment\\n\\","{{/if isRollup}}\\n\\","utility2-comment -->\\n\\","<div class=\"utility2FooterDiv\">\\n\\","    [ this app was created with\\n\\","    <a href=\"https://github.com/kaizhu256/node-utility2\" target=\"_blank\">utility2</a>\\n\\","    ]\\n\\","</div>\\n\\","</body>\\n\\","</html>\\n\\","';","        /* jslint-ignore-end */","        if (local.templateRender) {","            local.assetsDict['/'] = local.templateRender(","                local.assetsDict['/assets.index.template.html'],","                {","                    env: local.objectSetDefault(local.env, {","                        npm_package_description: 'the greatest app in the world!',","                        npm_package_name: 'my-app',","                        npm_package_nameAlias: 'my_app',","                        npm_package_version: '0.0.1'","                    })","                }","            );","        } else {","            local.assetsDict['/'] = local.assetsDict['/assets.index.template.html']","                .replace((/\\{\\{env\\.(\\w+?)\\}\\}/g), function (match0, match1) {","                    // jslint-hack","                    String(match0);","                    switch (match1) {","                    case 'npm_package_description':","                        return 'the greatest app in the world!';","                    case 'npm_package_name':","                        return 'my-app';","                    case 'npm_package_nameAlias':","                        return 'my_app';","                    case 'npm_package_version':","                        return '0.0.1';","                    }","                });","        }","        // run the cli","        if (local.global.utility2_rollup || module !== require.main) {","            break;","        }","        local.assetsDict['/assets.example.js'] =","            local.assetsDict['/assets.example.js'] ||","            local.fs.readFileSync(__filename, 'utf8');","        // bug-workaround - long $npm_package_buildCustomOrg","        /* jslint-ignore-begin */","        local.assetsDict['/assets.npmtest_net_snmp.rollup.js'] =","            local.assetsDict['/assets.npmtest_net_snmp.rollup.js'] ||","            local.fs.readFileSync(","                local.npmtest_net_snmp.__dirname + '/lib.npmtest_net_snmp.js',","                'utf8'","            ).replace((/^#!/), '//');","        /* jslint-ignore-end */","        local.assetsDict['/favicon.ico'] = local.assetsDict['/favicon.ico'] || '';","        // if $npm_config_timeout_exit exists,","        // then exit this process after $npm_config_timeout_exit ms","        if (Number(process.env.npm_config_timeout_exit)) {","            setTimeout(process.exit, Number(process.env.npm_config_timeout_exit));","        }","        // start server","        if (local.global.utility2_serverHttp1) {","            break;","        }","        process.env.PORT = process.env.PORT || '8081';","        console.error('server starting on port ' + process.env.PORT);","        local.http.createServer(function (request, response) {","            request.urlParsed = local.url.parse(request.url);","            if (local.assetsDict[request.urlParsed.pathname] !== undefined) {","                response.end(local.assetsDict[request.urlParsed.pathname]);","                return;","            }","            response.statusCode = 404;","            response.end();","        }).listen(process.env.PORT);","        break;","    }","}());",""],"l":{"26":2,"28":2,"33":2,"35":2,"37":2,"38":2,"39":2,"44":1,"51":2,"55":2,"59":2,"61":2,"69":1,"70":2,"76":2,"79":2,"82":2,"83":2,"85":1,"89":2,"92":1,"93":1,"94":1,"96":1,"97":1,"100":1,"101":1,"103":1,"106":1,"108":2,"114":1,"116":1,"118":1,"123":1,"124":2,"125":2,"126":3,"127":3,"128":3,"129":3,"130":1,"133":3,"134":3,"139":3,"143":1,"144":3,"145":1,"149":1,"150":1,"158":1,"160":1,"161":1,"162":1,"164":1,"166":1,"258":1,"259":1,"271":1,"274":6,"275":6,"277":1,"279":2,"281":1,"283":2,"288":1,"289":1,"291":1,"296":1,"303":1,"306":1,"307":1,"310":1,"311":1,"313":1,"314":1,"315":1,"316":1,"317":1,"318":1,"319":1,"321":1,"322":1,"324":1}},"/home/travis/build/npmtest/node-npmtest-net-snmp/node_modules/net-snmp/index.js":{"path":"/home/travis/build/npmtest/node-npmtest-net-snmp/node_modules/net-snmp/index.js","s":{"1":1,"2":1,"3":1,"4":1,"5":1,"6":4,"7":4,"8":49,"9":4,"10":49,"11":1,"12":1,"13":1,"14":1,"15":1,"16":1,"17":1,"18":1,"19":1,"20":1,"21":1,"22":1,"23":1,"24":1,"25":1,"26":0,"27":0,"28":0,"29":1,"30":1,"31":0,"32":0,"33":0,"34":1,"35":1,"36":0,"37":0,"38":0,"39":0,"40":1,"41":1,"42":0,"43":0,"44":0,"45":1,"46":1,"47":0,"48":1,"49":0,"50":1,"51":0,"52":0,"53":0,"54":1,"55":0,"56":0,"57":0,"58":0,"59":0,"60":0,"61":0,"62":0,"63":0,"64":0,"65":0,"66":0,"67":0,"68":0,"69":0,"70":0,"71":0,"72":0,"73":0,"74":0,"75":1,"76":0,"77":0,"78":0,"79":0,"80":0,"81":0,"82":0,"83":0,"84":1,"85":0,"86":1,"87":0,"88":0,"89":0,"90":0,"91":0,"92":0,"93":0,"94":0,"95":0,"96":0,"97":0,"98":0,"99":0,"100":0,"101":0,"102":0,"103":0,"104":0,"105":0,"106":1,"107":0,"108":0,"109":1,"110":0,"111":0,"112":0,"113":0,"114":0,"115":0,"116":0,"117":0,"118":0,"119":0,"120":0,"121":0,"122":0,"123":0,"124":0,"125":0,"126":0,"127":0,"128":0,"129":0,"130":0,"131":0,"132":0,"133":0,"134":0,"135":0,"136":0,"137":0,"138":0,"139":0,"140":0,"141":0,"142":0,"143":0,"144":0,"145":0,"146":0,"147":0,"148":0,"149":0,"150":0,"151":0,"152":0,"153":0,"154":0,"155":0,"156":0,"157":0,"158":0,"159":1,"160":0,"161":0,"162":0,"163":1,"164":0,"165":1,"166":0,"167":0,"168":0,"169":0,"170":0,"171":0,"172":0,"173":0,"174":0,"175":0,"176":0,"177":0,"178":0,"179":0,"180":0,"181":0,"182":0,"183":0,"184":0,"185":0,"186":0,"187":0,"188":0,"189":0,"190":0,"191":0,"192":0,"193":0,"194":0,"195":0,"196":0,"197":0,"198":0,"199":0,"200":0,"201":0,"202":0,"203":0,"204":1,"205":0,"206":0,"207":0,"208":1,"209":0,"210":0,"211":0,"212":0,"213":0,"214":0,"215":1,"216":0,"217":0,"218":1,"219":1,"220":0,"221":0,"222":1,"223":1,"224":0,"225":0,"226":0,"227":0,"228":0,"229":0,"230":0,"231":1,"232":0,"233":0,"234":1,"235":1,"236":0,"237":0,"238":1,"239":1,"240":0,"241":0,"242":1,"243":1,"244":0,"245":0,"246":0,"247":0,"248":0,"249":0,"250":0,"251":0,"252":0,"253":0,"254":0,"255":1,"256":0,"257":0,"258":0,"259":0,"260":0,"261":0,"262":0,"263":0,"264":1,"265":0,"266":0,"267":1,"268":1,"269":0,"270":0,"271":0,"272":1,"273":0,"274":0,"275":0,"276":0,"277":0,"278":0,"279":0,"280":0,"281":0,"282":0,"283":1,"284":0,"285":0,"286":0,"287":0,"288":0,"289":0,"290":0,"291":0,"292":1,"293":0,"294":0,"295":0,"296":0,"297":0,"298":0,"299":0,"300":0,"301":0,"302":0,"303":0,"304":0,"305":0,"306":0,"307":0,"308":0,"309":0,"310":0,"311":0,"312":0,"313":1,"314":1,"315":0,"316":0,"317":1,"318":0,"319":0,"320":0,"321":0,"322":0,"323":1,"324":0,"325":1,"326":1,"327":0,"328":0,"329":0,"330":0,"331":0,"332":0,"333":0,"334":0,"335":0,"336":0,"337":0,"338":0,"339":0,"340":0,"341":0,"342":0,"343":1,"344":0,"345":0,"346":0,"347":0,"348":0,"349":0,"350":0,"351":0,"352":0,"353":0,"354":0,"355":0,"356":0,"357":0,"358":0,"359":1,"360":0,"361":0,"362":0,"363":0,"364":0,"365":0,"366":0,"367":0,"368":0,"369":0,"370":0,"371":0,"372":0,"373":0,"374":0,"375":0,"376":0,"377":0,"378":0,"379":0,"380":0,"381":0,"382":0,"383":0,"384":0,"385":0,"386":0,"387":0,"388":0,"389":0,"390":0,"391":0,"392":0,"393":0,"394":0,"395":0,"396":0,"397":1,"398":1,"399":0,"400":0,"401":0,"402":0,"403":0,"404":0,"405":0,"406":0,"407":0,"408":0,"409":0,"410":0,"411":0,"412":0,"413":0,"414":0,"415":0,"416":0,"417":1,"418":0,"419":0,"420":0,"421":0,"422":0,"423":0,"424":0,"425":0,"426":0,"427":0,"428":0,"429":0,"430":0,"431":0,"432":0,"433":1,"434":0,"435":0,"436":0,"437":0,"438":0,"439":0,"440":0,"441":0,"442":0,"443":0,"444":0,"445":0,"446":0,"447":0,"448":0,"449":0,"450":0,"451":0,"452":0,"453":1,"454":0,"455":0,"456":1,"457":0,"458":1,"459":0,"460":0,"461":0,"462":0,"463":0,"464":0,"465":0,"466":0,"467":0,"468":0,"469":0,"470":0,"471":0,"472":0,"473":0,"474":1,"475":0,"476":0,"477":0,"478":0,"479":0,"480":0,"481":0,"482":0,"483":0,"484":0,"485":1,"486":0,"487":0,"488":0,"489":0,"490":0,"491":0,"492":0,"493":0,"494":0,"495":0,"496":0,"497":1,"498":0,"499":0,"500":0,"501":0,"502":0,"503":0,"504":0,"505":0,"506":0,"507":0,"508":0,"509":1,"510":1,"511":0,"512":0,"513":0,"514":0,"515":0,"516":0,"517":0,"518":0,"519":0,"520":0,"521":0,"522":0,"523":0,"524":0,"525":0,"526":0,"527":1,"528":0,"529":0,"530":0,"531":0,"532":0,"533":0,"534":0,"535":0,"536":0,"537":1,"538":0,"539":0,"540":0,"541":0,"542":0,"543":0,"544":0,"545":0,"546":0,"547":1,"548":0,"549":0,"550":0,"551":0,"552":0,"553":0,"554":0,"555":0,"556":0,"557":0,"558":0,"559":0,"560":0,"561":1,"562":0,"563":0,"564":0,"565":0,"566":0,"567":0,"568":0,"569":0,"570":0,"571":1,"572":0,"573":0,"574":0,"575":0,"576":0,"577":0,"578":0,"579":0,"580":0,"581":0,"582":0,"583":1,"584":0,"585":0,"586":0,"587":0,"588":0,"589":0,"590":0,"591":0,"592":0,"593":0,"594":0,"595":0,"596":0,"597":0,"598":1,"599":0,"600":0,"601":0,"602":0,"603":0,"604":1,"605":0,"606":0,"607":0,"608":0,"609":0,"610":0,"611":0,"612":0,"613":0,"614":0,"615":0,"616":1,"617":0,"618":0,"619":0,"620":0,"621":0,"622":0,"623":0,"624":0,"625":0,"626":0,"627":0,"628":1,"629":0,"630":0,"631":0,"632":0,"633":0,"634":0,"635":0,"636":0,"637":0,"638":0,"639":0,"640":0,"641":0,"642":0,"643":0,"644":0,"645":0,"646":0,"647":0,"648":0,"649":0,"650":0,"651":0,"652":0,"653":0,"654":0,"655":0,"656":0,"657":0,"658":0,"659":0,"660":0,"661":0,"662":0,"663":0,"664":0,"665":0,"666":0,"667":0,"668":0,"669":1,"670":0,"671":0,"672":0,"673":0,"674":0,"675":0,"676":0,"677":0,"678":0,"679":0,"680":1,"681":0,"682":0,"683":0,"684":0,"685":0,"686":0,"687":0,"688":0,"689":0,"690":0,"691":0,"692":0,"693":0,"694":0,"695":0,"696":0,"697":0,"698":0,"699":0,"700":0,"701":0,"702":0,"703":0,"704":0,"705":0,"706":0,"707":1,"708":0,"709":0,"710":0,"711":0,"712":0,"713":0,"714":0,"715":0,"716":0,"717":0,"718":0,"719":0,"720":0,"721":0,"722":0,"723":1,"724":1,"725":0,"726":1,"727":1,"728":1,"729":1,"730":1,"731":1,"732":1,"733":1,"734":1,"735":1,"736":1,"737":1},"b":{"1":[0,0,0],"2":[0,0],"3":[0,0],"4":[0,0],"5":[0,0],"6":[0,0],"7":[0,0],"8":[0,0],"9":[0,0],"10":[0,0],"11":[0,0],"12":[0,0],"13":[0,0],"14":[0,0],"15":[0,0],"16":[0,0],"17":[0,0],"18":[0,0],"19":[0,0],"20":[0,0],"21":[0,0],"22":[0,0],"23":[0,0],"24":[0,0],"25":[0,0],"26":[0,0],"27":[0,0],"28":[0,0],"29":[0,0],"30":[0,0],"31":[0,0],"32":[0,0],"33":[0,0],"34":[0,0],"35":[0,0],"36":[0,0],"37":[0,0],"38":[0,0],"39":[0,0],"40":[0,0],"41":[0,0],"42":[0,0],"43":[0,0],"44":[0,0],"45":[0,0],"46":[0,0],"47":[0,0],"48":[0,0],"49":[0,0],"50":[0,0],"51":[0,0],"52":[0,0],"53":[0,0],"54":[0,0],"55":[0,0],"56":[0,0],"57":[0,0],"58":[0,0],"59":[0,0],"60":[0,0],"61":[0,0],"62":[0,0],"63":[0,0],"64":[0,0],"65":[0,0],"66":[0,0],"67":[0,0],"68":[0,0],"69":[0,0],"70":[0,0],"71":[0,0],"72":[0,0,0],"73":[0,0],"74":[0,0],"75":[0,0],"76":[0,0],"77":[0,0],"78":[0,0],"79":[0,0],"80":[0,0],"81":[0,0],"82":[0,0],"83":[0,0],"84":[0,0],"85":[0,0],"86":[0,0],"87":[0,0],"88":[0,0],"89":[0,0],"90":[0,0],"91":[0,0],"92":[0,0],"93":[0,0],"94":[0,0],"95":[0,0],"96":[0,0],"97":[0,0],"98":[0,0],"99":[0,0],"100":[0,0],"101":[0,0],"102":[0,0],"103":[0,0],"104":[0,0],"105":[0,0],"106":[0,0],"107":[0,0],"108":[0,0],"109":[0,0],"110":[0,0],"111":[0,0],"112":[0,0],"113":[0,0],"114":[0,0],"115":[0,0],"116":[0,0],"117":[0,0],"118":[0,0],"119":[0,0],"120":[0,0],"121":[0,0],"122":[0,0],"123":[0,0],"124":[0,0],"125":[0,0],"126":[0,0],"127":[0,0],"128":[0,0],"129":[0,0],"130":[0,0],"131":[0,0],"132":[0,0],"133":[0,0],"134":[0,0],"135":[0,0],"136":[0,0],"137":[0,0],"138":[0,0],"139":[0,0],"140":[0,0],"141":[0,0],"142":[0,0],"143":[0,0],"144":[0,0],"145":[0,0],"146":[0,0],"147":[0,0],"148":[0,0],"149":[0,0],"150":[0,0],"151":[0,0],"152":[0,0],"153":[0,0],"154":[0,0],"155":[0,0],"156":[0,0],"157":[0,0],"158":[0,0],"159":[0,0],"160":[0,0],"161":[0,0],"162":[0,0],"163":[0,0],"164":[0,0],"165":[0,0],"166":[0,0],"167":[0,0],"168":[0,0],"169":[0,0]},"f":{"1":4,"2":0,"3":0,"4":0,"5":0,"6":0,"7":0,"8":0,"9":0,"10":0,"11":0,"12":0,"13":0,"14":0,"15":0,"16":0,"17":0,"18":0,"19":0,"20":0,"21":0,"22":0,"23":0,"24":0,"25":0,"26":0,"27":0,"28":0,"29":0,"30":0,"31":0,"32":0,"33":0,"34":0,"35":0,"36":0,"37":0,"38":0,"39":0,"40":0,"41":0,"42":0,"43":0,"44":0,"45":0,"46":0,"47":0,"48":0,"49":0,"50":0,"51":0,"52":0,"53":0,"54":0,"55":0,"56":0,"57":0,"58":0,"59":0,"60":0,"61":0,"62":0,"63":0,"64":0,"65":0,"66":0,"67":0},"fnMap":{"1":{"name":"_expandConstantObject","line":13,"loc":{"start":{"line":13,"column":0},"end":{"line":13,"column":40}}},"2":{"name":"ResponseInvalidError","line":102,"loc":{"start":{"line":102,"column":0},"end":{"line":102,"column":40}}},"3":{"name":"RequestInvalidError","line":109,"loc":{"start":{"line":109,"column":0},"end":{"line":109,"column":39}}},"4":{"name":"RequestFailedError","line":116,"loc":{"start":{"line":116,"column":0},"end":{"line":116,"column":46}}},"5":{"name":"RequestTimedOutError","line":124,"loc":{"start":{"line":124,"column":0},"end":{"line":124,"column":40}}},"6":{"name":"isVarbindError","line":135,"loc":{"start":{"line":135,"column":0},"end":{"line":135,"column":34}}},"7":{"name":"varbindError","line":141,"loc":{"start":{"line":141,"column":0},"end":{"line":141,"column":32}}},"8":{"name":"oidFollowsOid","line":145,"loc":{"start":{"line":145,"column":0},"end":{"line":145,"column":47}}},"9":{"name":"getNumber","line":150,"loc":{"start":{"line":150,"column":1},"end":{"line":150,"column":27}}},"10":{"name":"oidInSubtree","line":183,"loc":{"start":{"line":183,"column":0},"end":{"line":183,"column":46}}},"11":{"name":"readInt","line":209,"loc":{"start":{"line":209,"column":0},"end":{"line":209,"column":26}}},"12":{"name":"readUint","line":213,"loc":{"start":{"line":213,"column":0},"end":{"line":213,"column":37}}},"13":{"name":"readUint64","line":243,"loc":{"start":{"line":243,"column":0},"end":{"line":243,"column":29}}},"14":{"name":"readVarbinds","line":249,"loc":{"start":{"line":249,"column":0},"end":{"line":249,"column":41}}},"15":{"name":"writeUint","line":316,"loc":{"start":{"line":316,"column":0},"end":{"line":316,"column":41}}},"16":{"name":"writeUint64","line":322,"loc":{"start":{"line":322,"column":0},"end":{"line":322,"column":37}}},"17":{"name":"writeVarbinds","line":326,"loc":{"start":{"line":326,"column":0},"end":{"line":326,"column":42}}},"18":{"name":"(anonymous_18)","line":382,"loc":{"start":{"line":382,"column":16},"end":{"line":382,"column":49}}},"19":{"name":"(anonymous_19)","line":388,"loc":{"start":{"line":388,"column":31},"end":{"line":388,"column":49}}},"20":{"name":"(anonymous_20)","line":404,"loc":{"start":{"line":404,"column":24},"end":{"line":404,"column":36}}},"21":{"name":"(anonymous_21)","line":411,"loc":{"start":{"line":411,"column":24},"end":{"line":411,"column":36}}},"22":{"name":"(anonymous_22)","line":418,"loc":{"start":{"line":418,"column":21},"end":{"line":418,"column":39}}},"23":{"name":"(anonymous_23)","line":433,"loc":{"start":{"line":433,"column":20},"end":{"line":433,"column":32}}},"24":{"name":"(anonymous_24)","line":440,"loc":{"start":{"line":440,"column":23},"end":{"line":440,"column":35}}},"25":{"name":"(anonymous_25)","line":447,"loc":{"start":{"line":447,"column":20},"end":{"line":447,"column":32}}},"26":{"name":"(anonymous_26)","line":454,"loc":{"start":{"line":454,"column":14},"end":{"line":454,"column":54}}},"27":{"name":"(anonymous_27)","line":473,"loc":{"start":{"line":473,"column":29},"end":{"line":473,"column":47}}},"28":{"name":"(anonymous_28)","line":489,"loc":{"start":{"line":489,"column":16},"end":{"line":489,"column":28}}},"29":{"name":"(anonymous_29)","line":500,"loc":{"start":{"line":500,"column":21},"end":{"line":500,"column":56}}},"30":{"name":"(anonymous_30)","line":506,"loc":{"start":{"line":506,"column":36},"end":{"line":506,"column":48}}},"31":{"name":"(anonymous_31)","line":526,"loc":{"start":{"line":526,"column":22},"end":{"line":526,"column":40}}},"32":{"name":"(anonymous_32)","line":548,"loc":{"start":{"line":548,"column":14},"end":{"line":548,"column":52}}},"33":{"name":"(anonymous_33)","line":597,"loc":{"start":{"line":597,"column":26},"end":{"line":597,"column":38}}},"34":{"name":"(anonymous_34)","line":602,"loc":{"start":{"line":602,"column":35},"end":{"line":602,"column":52}}},"35":{"name":"_generateId","line":611,"loc":{"start":{"line":611,"column":0},"end":{"line":611,"column":24}}},"36":{"name":"(anonymous_36)","line":615,"loc":{"start":{"line":615,"column":24},"end":{"line":615,"column":52}}},"37":{"name":"feedCb","line":616,"loc":{"start":{"line":616,"column":1},"end":{"line":616,"column":32}}},"38":{"name":"(anonymous_38)","line":655,"loc":{"start":{"line":655,"column":28},"end":{"line":655,"column":40}}},"39":{"name":"feedCb","line":675,"loc":{"start":{"line":675,"column":1},"end":{"line":675,"column":32}}},"40":{"name":"(anonymous_40)","line":763,"loc":{"start":{"line":763,"column":28},"end":{"line":763,"column":56}}},"41":{"name":"feedCb","line":764,"loc":{"start":{"line":764,"column":1},"end":{"line":764,"column":32}}},"42":{"name":"(anonymous_42)","line":806,"loc":{"start":{"line":806,"column":27},"end":{"line":806,"column":39}}},"43":{"name":"feedCb","line":836,"loc":{"start":{"line":836,"column":1},"end":{"line":836,"column":32}}},"44":{"name":"(anonymous_44)","line":893,"loc":{"start":{"line":893,"column":28},"end":{"line":893,"column":40}}},"45":{"name":"(anonymous_45)","line":898,"loc":{"start":{"line":898,"column":28},"end":{"line":898,"column":45}}},"46":{"name":"(anonymous_46)","line":902,"loc":{"start":{"line":902,"column":26},"end":{"line":902,"column":52}}},"47":{"name":"(anonymous_47)","line":933,"loc":{"start":{"line":933,"column":40},"end":{"line":933,"column":64}}},"48":{"name":"(anonymous_48)","line":955,"loc":{"start":{"line":955,"column":36},"end":{"line":955,"column":51}}},"49":{"name":"(anonymous_49)","line":963,"loc":{"start":{"line":963,"column":25},"end":{"line":963,"column":37}}},"50":{"name":"(anonymous_50)","line":974,"loc":{"start":{"line":974,"column":25},"end":{"line":974,"column":48}}},"51":{"name":"(anonymous_51)","line":981,"loc":{"start":{"line":981,"column":4},"end":{"line":981,"column":28}}},"52":{"name":"(anonymous_52)","line":999,"loc":{"start":{"line":999,"column":24},"end":{"line":999,"column":56}}},"53":{"name":"feedCb","line":1000,"loc":{"start":{"line":1000,"column":1},"end":{"line":1000,"column":32}}},"54":{"name":"(anonymous_54)","line":1041,"loc":{"start":{"line":1041,"column":30},"end":{"line":1042,"column":23}}},"55":{"name":"subtreeCb","line":1068,"loc":{"start":{"line":1068,"column":0},"end":{"line":1068,"column":35}}},"56":{"name":"(anonymous_56)","line":1085,"loc":{"start":{"line":1085,"column":29},"end":{"line":1085,"column":41}}},"57":{"name":"tableColumnsResponseCb","line":1112,"loc":{"start":{"line":1112,"column":0},"end":{"line":1112,"column":45}}},"58":{"name":"tableColumnsFeedCb","line":1130,"loc":{"start":{"line":1130,"column":0},"end":{"line":1130,"column":44}}},"59":{"name":"(anonymous_59)","line":1149,"loc":{"start":{"line":1149,"column":33},"end":{"line":1149,"column":45}}},"60":{"name":"tableResponseCb","line":1183,"loc":{"start":{"line":1183,"column":0},"end":{"line":1183,"column":38}}},"61":{"name":"tableFeedCb","line":1192,"loc":{"start":{"line":1192,"column":0},"end":{"line":1192,"column":37}}},"62":{"name":"(anonymous_62)","line":1211,"loc":{"start":{"line":1211,"column":26},"end":{"line":1211,"column":38}}},"63":{"name":"(anonymous_63)","line":1239,"loc":{"start":{"line":1239,"column":25},"end":{"line":1239,"column":37}}},"64":{"name":"(anonymous_64)","line":1334,"loc":{"start":{"line":1334,"column":38},"end":{"line":1334,"column":52}}},"65":{"name":"walkCb","line":1349,"loc":{"start":{"line":1349,"column":0},"end":{"line":1349,"column":39}}},"66":{"name":"(anonymous_66)","line":1396,"loc":{"start":{"line":1396,"column":26},"end":{"line":1396,"column":38}}},"67":{"name":"(anonymous_67)","line":1432,"loc":{"start":{"line":1432,"column":24},"end":{"line":1432,"column":62}}}},"statementMap":{"1":{"start":{"line":4,"column":0},"end":{"line":4,"column":31}},"2":{"start":{"line":5,"column":0},"end":{"line":5,"column":30}},"3":{"start":{"line":6,"column":0},"end":{"line":6,"column":32}},"4":{"start":{"line":7,"column":0},"end":{"line":7,"column":28}},"5":{"start":{"line":13,"column":0},"end":{"line":19,"column":1}},"6":{"start":{"line":14,"column":1},"end":{"line":14,"column":15}},"7":{"start":{"line":15,"column":1},"end":{"line":16,"column":18}},"8":{"start":{"line":16,"column":2},"end":{"line":16,"column":18}},"9":{"start":{"line":17,"column":1},"end":{"line":18,"column":47}},"10":{"start":{"line":18,"column":2},"end":{"line":18,"column":47}},"11":{"start":{"line":21,"column":0},"end":{"line":41,"column":2}},"12":{"start":{"line":43,"column":0},"end":{"line":43,"column":36}},"13":{"start":{"line":45,"column":0},"end":{"line":60,"column":2}},"14":{"start":{"line":62,"column":0},"end":{"line":62,"column":35}},"15":{"start":{"line":64,"column":0},"end":{"line":64,"column":42}},"16":{"start":{"line":65,"column":0},"end":{"line":65,"column":42}},"17":{"start":{"line":66,"column":0},"end":{"line":66,"column":38}},"18":{"start":{"line":67,"column":0},"end":{"line":67,"column":43}},"19":{"start":{"line":69,"column":0},"end":{"line":79,"column":2}},"20":{"start":{"line":81,"column":0},"end":{"line":81,"column":32}},"21":{"start":{"line":83,"column":0},"end":{"line":91,"column":2}},"22":{"start":{"line":93,"column":0},"end":{"line":93,"column":33}},"23":{"start":{"line":95,"column":0},"end":{"line":95,"column":17}},"24":{"start":{"line":96,"column":0},"end":{"line":96,"column":18}},"25":{"start":{"line":102,"column":0},"end":{"line":106,"column":1}},"26":{"start":{"line":103,"column":1},"end":{"line":103,"column":36}},"27":{"start":{"line":104,"column":1},"end":{"line":104,"column":24}},"28":{"start":{"line":105,"column":1},"end":{"line":105,"column":53}},"29":{"start":{"line":107,"column":0},"end":{"line":107,"column":44}},"30":{"start":{"line":109,"column":0},"end":{"line":113,"column":1}},"31":{"start":{"line":110,"column":1},"end":{"line":110,"column":35}},"32":{"start":{"line":111,"column":1},"end":{"line":111,"column":24}},"33":{"start":{"line":112,"column":1},"end":{"line":112,"column":52}},"34":{"start":{"line":114,"column":0},"end":{"line":114,"column":43}},"35":{"start":{"line":116,"column":0},"end":{"line":121,"column":1}},"36":{"start":{"line":117,"column":1},"end":{"line":117,"column":34}},"37":{"start":{"line":118,"column":1},"end":{"line":118,"column":24}},"38":{"start":{"line":119,"column":1},"end":{"line":119,"column":22}},"39":{"start":{"line":120,"column":1},"end":{"line":120,"column":51}},"40":{"start":{"line":122,"column":0},"end":{"line":122,"column":42}},"41":{"start":{"line":124,"column":0},"end":{"line":128,"column":1}},"42":{"start":{"line":125,"column":1},"end":{"line":125,"column":36}},"43":{"start":{"line":126,"column":1},"end":{"line":126,"column":24}},"44":{"start":{"line":127,"column":1},"end":{"line":127,"column":53}},"45":{"start":{"line":129,"column":0},"end":{"line":129,"column":44}},"46":{"start":{"line":135,"column":0},"end":{"line":139,"column":1}},"47":{"start":{"line":136,"column":1},"end":{"line":138,"column":45}},"48":{"start":{"line":141,"column":0},"end":{"line":143,"column":1}},"49":{"start":{"line":142,"column":1},"end":{"line":142,"column":72}},"50":{"start":{"line":145,"column":0},"end":{"line":181,"column":1}},"51":{"start":{"line":146,"column":1},"end":{"line":146,"column":59}},"52":{"start":{"line":147,"column":1},"end":{"line":147,"column":62}},"53":{"start":{"line":148,"column":1},"end":{"line":148,"column":38}},"54":{"start":{"line":150,"column":1},"end":{"line":161,"column":2}},"55":{"start":{"line":151,"column":2},"end":{"line":151,"column":12}},"56":{"start":{"line":152,"column":2},"end":{"line":153,"column":15}},"57":{"start":{"line":153,"column":3},"end":{"line":153,"column":15}},"58":{"start":{"line":154,"column":2},"end":{"line":159,"column":3}},"59":{"start":{"line":155,"column":3},"end":{"line":155,"column":51}},"60":{"start":{"line":156,"column":3},"end":{"line":157,"column":13}},"61":{"start":{"line":157,"column":4},"end":{"line":157,"column":13}},"62":{"start":{"line":158,"column":3},"end":{"line":158,"column":44}},"63":{"start":{"line":160,"column":2},"end":{"line":160,"column":11}},"64":{"start":{"line":163,"column":1},"end":{"line":180,"column":2}},"65":{"start":{"line":164,"column":2},"end":{"line":164,"column":34}},"66":{"start":{"line":165,"column":2},"end":{"line":165,"column":36}},"67":{"start":{"line":167,"column":2},"end":{"line":179,"column":3}},"68":{"start":{"line":168,"column":3},"end":{"line":176,"column":4}},"69":{"start":{"line":169,"column":4},"end":{"line":173,"column":5}},"70":{"start":{"line":170,"column":5},"end":{"line":170,"column":17}},"71":{"start":{"line":171,"column":11},"end":{"line":173,"column":5}},"72":{"start":{"line":172,"column":5},"end":{"line":172,"column":18}},"73":{"start":{"line":175,"column":4},"end":{"line":175,"column":16}},"74":{"start":{"line":178,"column":3},"end":{"line":178,"column":15}},"75":{"start":{"line":183,"column":0},"end":{"line":196,"column":1}},"76":{"start":{"line":184,"column":1},"end":{"line":184,"column":33}},"77":{"start":{"line":185,"column":1},"end":{"line":185,"column":35}},"78":{"start":{"line":187,"column":1},"end":{"line":188,"column":15}},"79":{"start":{"line":188,"column":2},"end":{"line":188,"column":15}},"80":{"start":{"line":190,"column":1},"end":{"line":193,"column":2}},"81":{"start":{"line":191,"column":2},"end":{"line":192,"column":16}},"82":{"start":{"line":192,"column":3},"end":{"line":192,"column":16}},"83":{"start":{"line":195,"column":1},"end":{"line":195,"column":13}},"84":{"start":{"line":209,"column":0},"end":{"line":211,"column":1}},"85":{"start":{"line":210,"column":1},"end":{"line":210,"column":32}},"86":{"start":{"line":213,"column":0},"end":{"line":241,"column":1}},"87":{"start":{"line":214,"column":1},"end":{"line":214,"column":20}},"88":{"start":{"line":215,"column":1},"end":{"line":215,"column":33}},"89":{"start":{"line":216,"column":1},"end":{"line":216,"column":15}},"90":{"start":{"line":217,"column":1},"end":{"line":217,"column":26}},"91":{"start":{"line":219,"column":1},"end":{"line":225,"column":2}},"92":{"start":{"line":220,"column":3},"end":{"line":220,"column":62}},"93":{"start":{"line":221,"column":8},"end":{"line":225,"column":2}},"94":{"start":{"line":222,"column":2},"end":{"line":223,"column":62}},"95":{"start":{"line":223,"column":3},"end":{"line":223,"column":62}},"96":{"start":{"line":224,"column":2},"end":{"line":224,"column":13}},"97":{"start":{"line":227,"column":1},"end":{"line":235,"column":2}},"98":{"start":{"line":228,"column":2},"end":{"line":228,"column":15}},"99":{"start":{"line":229,"column":2},"end":{"line":229,"column":30}},"100":{"start":{"line":231,"column":2},"end":{"line":234,"column":3}},"101":{"start":{"line":232,"column":3},"end":{"line":233,"column":24}},"102":{"start":{"line":233,"column":4},"end":{"line":233,"column":24}},"103":{"start":{"line":237,"column":1},"end":{"line":238,"column":26}},"104":{"start":{"line":238,"column":2},"end":{"line":238,"column":26}},"105":{"start":{"line":240,"column":1},"end":{"line":240,"column":14}},"106":{"start":{"line":243,"column":0},"end":{"line":247,"column":1}},"107":{"start":{"line":244,"column":1},"end":{"line":244,"column":60}},"108":{"start":{"line":246,"column":1},"end":{"line":246,"column":14}},"109":{"start":{"line":249,"column":0},"end":{"line":314,"column":1}},"110":{"start":{"line":250,"column":1},"end":{"line":250,"column":24}},"111":{"start":{"line":252,"column":1},"end":{"line":313,"column":2}},"112":{"start":{"line":253,"column":2},"end":{"line":253,"column":25}},"113":{"start":{"line":254,"column":2},"end":{"line":254,"column":30}},"114":{"start":{"line":255,"column":2},"end":{"line":255,"column":28}},"115":{"start":{"line":257,"column":2},"end":{"line":258,"column":9}},"116":{"start":{"line":258,"column":3},"end":{"line":258,"column":9}},"117":{"start":{"line":260,"column":2},"end":{"line":260,"column":12}},"118":{"start":{"line":262,"column":2},"end":{"line":306,"column":3}},"119":{"start":{"line":263,"column":3},"end":{"line":263,"column":33}},"120":{"start":{"line":264,"column":9},"end":{"line":306,"column":3}},"121":{"start":{"line":265,"column":3},"end":{"line":265,"column":28}},"122":{"start":{"line":266,"column":9},"end":{"line":306,"column":3}},"123":{"start":{"line":267,"column":3},"end":{"line":267,"column":42}},"124":{"start":{"line":268,"column":9},"end":{"line":306,"column":3}},"125":{"start":{"line":269,"column":3},"end":{"line":269,"column":22}},"126":{"start":{"line":270,"column":3},"end":{"line":270,"column":22}},"127":{"start":{"line":271,"column":3},"end":{"line":271,"column":16}},"128":{"start":{"line":272,"column":9},"end":{"line":306,"column":3}},"129":{"start":{"line":273,"column":3},"end":{"line":273,"column":29}},"130":{"start":{"line":274,"column":9},"end":{"line":306,"column":3}},"131":{"start":{"line":275,"column":3},"end":{"line":275,"column":62}},"132":{"start":{"line":276,"column":3},"end":{"line":279,"column":22}},"133":{"start":{"line":277,"column":4},"end":{"line":279,"column":22}},"134":{"start":{"line":280,"column":3},"end":{"line":280,"column":71}},"135":{"start":{"line":281,"column":9},"end":{"line":306,"column":3}},"136":{"start":{"line":282,"column":3},"end":{"line":282,"column":29}},"137":{"start":{"line":283,"column":9},"end":{"line":306,"column":3}},"138":{"start":{"line":284,"column":3},"end":{"line":284,"column":29}},"139":{"start":{"line":285,"column":9},"end":{"line":306,"column":3}},"140":{"start":{"line":286,"column":3},"end":{"line":286,"column":29}},"141":{"start":{"line":287,"column":9},"end":{"line":306,"column":3}},"142":{"start":{"line":288,"column":3},"end":{"line":288,"column":55}},"143":{"start":{"line":289,"column":9},"end":{"line":306,"column":3}},"144":{"start":{"line":290,"column":3},"end":{"line":290,"column":31}},"145":{"start":{"line":291,"column":9},"end":{"line":306,"column":3}},"146":{"start":{"line":292,"column":3},"end":{"line":292,"column":22}},"147":{"start":{"line":293,"column":3},"end":{"line":293,"column":22}},"148":{"start":{"line":294,"column":3},"end":{"line":294,"column":16}},"149":{"start":{"line":295,"column":9},"end":{"line":306,"column":3}},"150":{"start":{"line":296,"column":3},"end":{"line":296,"column":22}},"151":{"start":{"line":297,"column":3},"end":{"line":297,"column":22}},"152":{"start":{"line":298,"column":3},"end":{"line":298,"column":16}},"153":{"start":{"line":299,"column":9},"end":{"line":306,"column":3}},"154":{"start":{"line":300,"column":3},"end":{"line":300,"column":22}},"155":{"start":{"line":301,"column":3},"end":{"line":301,"column":22}},"156":{"start":{"line":302,"column":3},"end":{"line":302,"column":16}},"157":{"start":{"line":304,"column":3},"end":{"line":305,"column":24}},"158":{"start":{"line":308,"column":2},"end":{"line":312,"column":5}},"159":{"start":{"line":316,"column":0},"end":{"line":320,"column":1}},"160":{"start":{"line":317,"column":1},"end":{"line":317,"column":24}},"161":{"start":{"line":318,"column":1},"end":{"line":318,"column":28}},"162":{"start":{"line":319,"column":1},"end":{"line":319,"column":30}},"163":{"start":{"line":322,"column":0},"end":{"line":324,"column":1}},"164":{"start":{"line":323,"column":1},"end":{"line":323,"column":50}},"165":{"start":{"line":326,"column":0},"end":{"line":376,"column":1}},"166":{"start":{"line":327,"column":1},"end":{"line":327,"column":25}},"167":{"start":{"line":328,"column":1},"end":{"line":374,"column":2}},"168":{"start":{"line":329,"column":2},"end":{"line":329,"column":26}},"169":{"start":{"line":330,"column":2},"end":{"line":330,"column":36}},"170":{"start":{"line":332,"column":2},"end":{"line":371,"column":3}},"171":{"start":{"line":333,"column":3},"end":{"line":333,"column":31}},"172":{"start":{"line":334,"column":3},"end":{"line":334,"column":33}},"173":{"start":{"line":336,"column":3},"end":{"line":368,"column":4}},"174":{"start":{"line":337,"column":4},"end":{"line":337,"column":47}},"175":{"start":{"line":338,"column":10},"end":{"line":368,"column":4}},"176":{"start":{"line":339,"column":4},"end":{"line":339,"column":28}},"177":{"start":{"line":340,"column":10},"end":{"line":368,"column":4}},"178":{"start":{"line":341,"column":4},"end":{"line":344,"column":56}},"179":{"start":{"line":342,"column":5},"end":{"line":342,"column":32}},"180":{"start":{"line":344,"column":5},"end":{"line":344,"column":56}},"181":{"start":{"line":345,"column":10},"end":{"line":368,"column":4}},"182":{"start":{"line":346,"column":4},"end":{"line":346,"column":24}},"183":{"start":{"line":347,"column":10},"end":{"line":368,"column":4}},"184":{"start":{"line":348,"column":4},"end":{"line":348,"column":28}},"185":{"start":{"line":349,"column":10},"end":{"line":368,"column":4}},"186":{"start":{"line":350,"column":4},"end":{"line":350,"column":34}},"187":{"start":{"line":351,"column":4},"end":{"line":353,"column":22}},"188":{"start":{"line":352,"column":5},"end":{"line":353,"column":22}},"189":{"start":{"line":354,"column":4},"end":{"line":354,"column":48}},"190":{"start":{"line":355,"column":10},"end":{"line":368,"column":4}},"191":{"start":{"line":356,"column":4},"end":{"line":356,"column":50}},"192":{"start":{"line":357,"column":10},"end":{"line":368,"column":4}},"193":{"start":{"line":358,"column":4},"end":{"line":358,"column":48}},"194":{"start":{"line":359,"column":10},"end":{"line":368,"column":4}},"195":{"start":{"line":360,"column":4},"end":{"line":360,"column":52}},"196":{"start":{"line":361,"column":10},"end":{"line":368,"column":4}},"197":{"start":{"line":362,"column":4},"end":{"line":362,"column":50}},"198":{"start":{"line":363,"column":10},"end":{"line":368,"column":4}},"199":{"start":{"line":364,"column":4},"end":{"line":364,"column":32}},"200":{"start":{"line":366,"column":4},"end":{"line":367,"column":24}},"201":{"start"
[...]
seCb (new ResponseInvalidError (\"Unknown PDU type '\"","\t\t\t\t\t\t+ message.pdu.type + \"' in response\"));","\t\t\t}","\t\t} catch (error) {","\t\t\treq.responseCb (error);","\t\t}","\t} catch (error) {","\t\tthis.emit(\"error\", error);","\t}","};","","Session.prototype.onSimpleGetResponse = function (req, message) {","\tvar pdu = message.pdu;","","\tif (pdu.errorStatus > 0) {","\t\tvar statusString = ErrorStatus[pdu.errorStatus]","\t\t\t\t|| ErrorStatus.GeneralError;","\t\tvar statusCode = ErrorStatus[statusString]","\t\t\t\t|| ErrorStatus[ErrorStatus.GeneralError];","","\t\tif (pdu.errorIndex <= 0 || pdu.errorIndex > pdu.varbinds.length) {","\t\t\treq.responseCb (new RequestFailedError (statusString, statusCode));","\t\t} else {","\t\t\tvar oid = pdu.varbinds[pdu.errorIndex - 1].oid;","\t\t\tvar error = new RequestFailedError (statusString + \": \" + oid,","\t\t\t\t\tstatusCode);","\t\t\treq.responseCb (error);","\t\t}","\t} else {","\t\treq.feedCb (req, message);","\t}","};","","Session.prototype.registerRequest = function (req) {","\tif (! this.reqs[req.id]) {","\t\tthis.reqs[req.id] = req;","\t\tif (this.reqCount <= 0)","\t\t\tthis.dgram.ref();","\t\tthis.reqCount++;","\t}","\tvar me = this;","\treq.timer = setTimeout (function () {","\t\tif (req.retries-- > 0) {","\t\t\tme.send (req);","\t\t} else {","\t\t\tme.unregisterRequest (req.id);","\t\t\treq.responseCb (new RequestTimedOutError (","\t\t\t\t\t\"Request timed out\"));","\t\t}","\t}, req.timeout);","};","","Session.prototype.send = function (req, noWait) {","\ttry {","\t\tvar me = this;","\t\t","\t\tvar buffer = req.message.toBuffer ();","","\t\tthis.dgram.send (buffer, 0, buffer.length, req.port, this.target,","\t\t\t\tfunction (error, bytes) {","\t\t\tif (error) {","\t\t\t\treq.responseCb (error);","\t\t\t} else {","\t\t\t\tif (noWait) {","\t\t\t\t\treq.responseCb (null);","\t\t\t\t} else {","\t\t\t\t\tme.registerRequest (req);","\t\t\t\t}","\t\t\t}","\t\t});","\t} catch (error) {","\t\treq.responseCb (error);","\t}","\t","\treturn this;","};","","Session.prototype.set = function (varbinds, responseCb) {","\tfunction feedCb (req, message) {","\t\tvar pdu = message.pdu;","\t\tvar varbinds = [];","","\t\tif (req.message.pdu.varbinds.length != pdu.varbinds.length) {","\t\t\treq.responseCb (new ResponseInvalidError (\"Requested OIDs do not \"","\t\t\t\t\t+ \"match response OIDs\"));","\t\t} else {","\t\t\tfor (var i = 0; i < req.message.pdu.varbinds.length; i++) {","\t\t\t\tif (req.message.pdu.varbinds[i].oid != pdu.varbinds[i].oid) {","\t\t\t\t\treq.responseCb (new ResponseInvalidError (\"OID '\"","\t\t\t\t\t\t\t+ req.message.pdu.varbinds[i].oid","\t\t\t\t\t\t\t+ \"' in request at positiion '\" + i + \"' does not \"","\t\t\t\t\t\t\t+ \"match OID '\" + pdu.varbinds[i].oid + \"' in response \"","\t\t\t\t\t\t\t+ \"at position '\" + i + \"'\"));","\t\t\t\t\treturn;","\t\t\t\t} else {","\t\t\t\t\tvarbinds.push (pdu.varbinds[i]);","\t\t\t\t}","\t\t\t}","","\t\t\treq.responseCb (null, varbinds);","\t\t}","\t}","","\tvar pduVarbinds = [];","","\tfor (var i = 0; i < varbinds.length; i++) {","\t\tvar varbind = {","\t\t\toid: varbinds[i].oid,","\t\t\ttype: varbinds[i].type,","\t\t\tvalue: varbinds[i].value","\t\t};","\t\tpduVarbinds.push (varbind);","\t}","","\tthis.simpleGet (SetRequestPdu, feedCb, pduVarbinds, responseCb);","","\treturn this;","};","","Session.prototype.simpleGet = function (pduClass, feedCb, varbinds,","\t\tresponseCb, options) {","\tvar req = {};","","\ttry {","\t\tvar id = _generateId ();","\t\tvar pdu = new pduClass (id, varbinds, options);","\t\tvar message = new RequestMessage (this.version, this.community, pdu);","","\t\treq = {","\t\t\tid: id,","\t\t\tmessage: message,","\t\t\tresponseCb: responseCb,","\t\t\tretries: this.retries,","\t\t\ttimeout: this.timeout,","\t\t\tonResponse: this.onSimpleGetResponse,","\t\t\tfeedCb: feedCb,","\t\t\tport: (options && options.port) ? options.port : this.port","\t\t};","","\t\tthis.send (req);","\t} catch (error) {","\t\tif (req.responseCb)","\t\t\treq.responseCb (error);","\t}","};","","function subtreeCb (req, varbinds) {","\tvar done = 0;","","\tfor (var i = varbinds.length; i > 0; i--) {","\t\tif (! oidInSubtree (req.baseOid, varbinds[i - 1].oid)) {","\t\t\tdone = 1;","\t\t\tvarbinds.pop ();","\t\t}","\t}","","\tif (varbinds.length > 0)","\t\treq.feedCb (varbinds);","","\tif (done)","\t\treturn true;","}","","Session.prototype.subtree  = function () {","\tvar me = this;","\tvar oid = arguments[0];","\tvar maxRepetitions, feedCb, doneCb;","","\tif (arguments.length < 4) {","\t\tmaxRepetitions = 20;","\t\tfeedCb = arguments[1];","\t\tdoneCb = arguments[2];","\t} else {","\t\tmaxRepetitions = arguments[1];","\t\tfeedCb = arguments[2];","\t\tdoneCb = arguments[3];","\t}","","\tvar req = {","\t\tfeedCb: feedCb,","\t\tdoneCb: doneCb,","\t\tmaxRepetitions: maxRepetitions,","\t\tbaseOid: oid","\t};","","\tthis.walk (oid, maxRepetitions, subtreeCb.bind (me, req), doneCb);","","\treturn this;","};","","function tableColumnsResponseCb (req, error) {","\tif (error) {","\t\treq.responseCb (error);","\t} else if (req.error) {","\t\treq.responseCb (req.error);","\t} else {","\t\tif (req.columns.length > 0) {","\t\t\tvar column = req.columns.pop ();","\t\t\tvar me = this;","\t\t\tthis.subtree (req.rowOid + column, req.maxRepetitions,","\t\t\t\t\ttableColumnsFeedCb.bind (me, req),","\t\t\t\t\ttableColumnsResponseCb.bind (me, req));","\t\t} else {","\t\t\treq.responseCb (null, req.table);","\t\t}","\t}","}","","function tableColumnsFeedCb (req, varbinds) {","\tfor (var i = 0; i < varbinds.length; i++) {","\t\tif (isVarbindError (varbinds[i])) {","\t\t\treq.error = new RequestFailedError (varbindError (varbind[i]));","\t\t\treturn true;","\t\t}","","\t\tvar oid = varbinds[i].oid.replace (req.rowOid, \"\");","\t\tif (oid && oid != varbinds[i].oid) {","\t\t\tvar match = oid.match (/^(\\d+)\\.(.+)$/);","\t\t\tif (match && match[1] > 0) {","\t\t\t\tif (! req.table[match[2]])","\t\t\t\t\treq.table[match[2]] = {};","\t\t\t\treq.table[match[2]][match[1]] = varbinds[i].value;","\t\t\t}","\t\t}","\t}","}","","Session.prototype.tableColumns = function () {","\tvar me = this;","","\tvar oid = arguments[0];","\tvar columns = arguments[1];","\tvar maxRepetitions, responseCb;","","\tif (arguments.length < 4) {","\t\tresponseCb = arguments[2];","\t\tmaxRepetitions = 20;","\t} else {","\t\tmaxRepetitions = arguments[2];","\t\tresponseCb = arguments[3];","\t}","","\tvar req = {","\t\tresponseCb: responseCb,","\t\tmaxRepetitions: maxRepetitions,","\t\tbaseOid: oid,","\t\trowOid: oid + \".1.\",","\t\tcolumns: columns.slice(0),","\t\ttable: {}","\t};","","\tif (req.columns.length > 0) {","\t\tvar column = req.columns.pop ();","\t\tthis.subtree (req.rowOid + column, maxRepetitions,","\t\t\t\ttableColumnsFeedCb.bind (me, req),","\t\t\t\ttableColumnsResponseCb.bind (me, req));","\t}","","\treturn this;","};","","function tableResponseCb (req, error) {","\tif (error)","\t\treq.responseCb (error);","\telse if (req.error)","\t\treq.responseCb (req.error);","\telse","\t\treq.responseCb (null, req.table);","}","","function tableFeedCb (req, varbinds) {","\tfor (var i = 0; i < varbinds.length; i++) {","\t\tif (isVarbindError (varbinds[i])) {","\t\t\treq.error = new RequestFailedError (varbindError (varbind[i]));","\t\t\treturn true;","\t\t}","","\t\tvar oid = varbinds[i].oid.replace (req.rowOid, \"\");","\t\tif (oid && oid != varbinds[i].oid) {","\t\t\tvar match = oid.match (/^(\\d+)\\.(.+)$/);","\t\t\tif (match && match[1] > 0) {","\t\t\t\tif (! req.table[match[2]])","\t\t\t\t\treq.table[match[2]] = {};","\t\t\t\treq.table[match[2]][match[1]] = varbinds[i].value;","\t\t\t}","\t\t}","\t}","}","","Session.prototype.table = function () {","\tvar me = this;","","\tvar oid = arguments[0];","\tvar maxRepetitions, responseCb;","","\tif (arguments.length < 3) {","\t\tresponseCb = arguments[1];","\t\tmaxRepetitions = 20;","\t} else {","\t\tmaxRepetitions = arguments[1];","\t\tresponseCb = arguments[2];","\t}","","\tvar req = {","\t\tresponseCb: responseCb,","\t\tmaxRepetitions: maxRepetitions,","\t\tbaseOid: oid,","\t\trowOid: oid + \".1.\",","\t\ttable: {}","\t};","","\tthis.subtree (oid, maxRepetitions, tableFeedCb.bind (me, req),","\t\t\ttableResponseCb.bind (me, req));","","\treturn this;","};","","Session.prototype.trap = function () {","\tvar req = {};","","\ttry {","\t\tvar typeOrOid = arguments[0];","\t\tvar varbinds, options = {}, responseCb;","","\t\t/**","\t\t ** Support the following signatures:","\t\t ** ","\t\t **    typeOrOid, varbinds, options, callback","\t\t **    typeOrOid, varbinds, agentAddr, callback","\t\t **    typeOrOid, varbinds, callback","\t\t **    typeOrOid, agentAddr, callback","\t\t **    typeOrOid, options, callback","\t\t **    typeOrOid, callback","\t\t **/","\t\tif (arguments.length >= 4) {","\t\t\tvarbinds = arguments[1];","\t\t\tif (typeof arguments[2] == \"string\") {","\t\t\t\toptions.agentAddr = arguments[2];","\t\t\t} else if (arguments[2].constructor != Array) {","\t\t\t\toptions = arguments[2];","\t\t\t}","\t\t\tresponseCb = arguments[3];","\t\t} else if (arguments.length >= 3) {","\t\t\tif (typeof arguments[1] == \"string\") {","\t\t\t\tvarbinds = [];","\t\t\t\toptions.agentAddr = arguments[1];","\t\t\t} else if (arguments[1].constructor != Array) {","\t\t\t\tvarbinds = [];","\t\t\t\toptions = arguments[1];","\t\t\t} else {","\t\t\t\tvarbinds = arguments[1];","\t\t\t\tagentAddr = null;","\t\t\t}","\t\t\tresponseCb = arguments[2];","\t\t} else {","\t\t\tvarbinds = [];","\t\t\tresponseCb = arguments[1];","\t\t}","","\t\tvar pdu, pduVarbinds = [];","","\t\tfor (var i = 0; i < varbinds.length; i++) {","\t\t\tvar varbind = {","\t\t\t\toid: varbinds[i].oid,","\t\t\t\ttype: varbinds[i].type,","\t\t\t\tvalue: varbinds[i].value","\t\t\t};","\t\t\tpduVarbinds.push (varbind);","\t\t}","\t\t","\t\tvar id = _generateId ();","","\t\tif (this.version == Version2c) {","\t\t\tif (typeof typeOrOid != \"string\")","\t\t\t\ttypeOrOid = \"1.3.6.1.6.3.1.1.5.\" + (typeOrOid + 1);","","\t\t\tpduVarbinds.unshift (","\t\t\t\t{","\t\t\t\t\toid: \"1.3.6.1.2.1.1.3.0\",","\t\t\t\t\ttype: ObjectType.TimeTicks,","\t\t\t\t\tvalue: options.upTime || Math.floor (process.uptime () * 100)","\t\t\t\t},","\t\t\t\t{","\t\t\t\t\toid: \"1.3.6.1.6.3.1.1.4.1.0\",","\t\t\t\t\ttype: ObjectType.OID,","\t\t\t\t\tvalue: typeOrOid","\t\t\t\t}","\t\t\t);","","\t\t\tpdu = new TrapV2Pdu (id, pduVarbinds, options);","\t\t} else {","\t\t\tpdu = new TrapPdu (typeOrOid, pduVarbinds, options);","\t\t}","","\t\tvar message = new RequestMessage (this.version, this.community, pdu);","","\t\treq = {","\t\t\tid: id,","\t\t\tmessage: message,","\t\t\tresponseCb: responseCb,","\t\t\tport: this.trapPort","\t\t};","","\t\tthis.send (req, true);","\t} catch (error) {","\t\tif (req.responseCb)","\t\t\treq.responseCb (error);","\t}","","\treturn this;","};","","Session.prototype.unregisterRequest = function (id) {","\tvar req = this.reqs[id];","\tif (req) {","\t\tdelete this.reqs[id];","\t\tclearTimeout (req.timer);","\t\tdelete req.timer;","\t\tthis.reqCount--;","\t\tif (this.reqCount <= 0)","\t\t\tthis.dgram.unref();","\t\treturn req;","\t} else {","\t\treturn null;","\t}","};","","function walkCb (req, error, varbinds) {","\tvar done = 0;","\tvar oid;","","\tif (error) {","\t\tif (error instanceof RequestFailedError) {","\t\t\tif (error.status != ErrorStatus.NoSuchName) {","\t\t\t\treq.doneCb (error);","\t\t\t\treturn;","\t\t\t} else {","\t\t\t\t// signal the version 1 walk code below that it should stop","\t\t\t\tdone = 1;","\t\t\t}","\t\t} else {","\t\t\treq.doneCb (error);","\t\t\treturn;","\t\t}","\t}","","\tif (this.version == Version2c) {","\t\tfor (var i = varbinds[0].length; i > 0; i--) {","\t\t\tif (varbinds[0][i - 1].type == ObjectType.EndOfMibView) {","\t\t\t\tvarbinds[0].pop ();","\t\t\t\tdone = 1;","\t\t\t}","\t\t}","\t\tif (req.feedCb (varbinds[0]))","\t\t\tdone = 1;","\t\tif (! done)","\t\t\toid = varbinds[0][varbinds[0].length - 1].oid;","\t} else {","\t\tif (! done) {","\t\t\tif (req.feedCb (varbinds)) {","\t\t\t\tdone = 1;","\t\t\t} else {","\t\t\t\toid = varbinds[0].oid;","\t\t\t}","\t\t}","\t}","","\tif (done)","\t\treq.doneCb (null);","\telse","\t\tthis.walk (oid, req.maxRepetitions, req.feedCb, req.doneCb,","\t\t\t\treq.baseOid);","}","","Session.prototype.walk  = function () {","\tvar me = this;","\tvar oid = arguments[0];","\tvar maxRepetitions, feedCb, doneCb, baseOid;","","\tif (arguments.length < 4) {","\t\tmaxRepetitions = 20;","\t\tfeedCb = arguments[1];","\t\tdoneCb = arguments[2];","\t} else {","\t\tmaxRepetitions = arguments[1];","\t\tfeedCb = arguments[2];","\t\tdoneCb = arguments[3];","\t}","","\tvar req = {","\t\tmaxRepetitions: maxRepetitions,","\t\tfeedCb: feedCb,","\t\tdoneCb: doneCb","\t};","","\tif (this.version == Version2c)","\t\tthis.getBulk ([oid], 0, maxRepetitions,","\t\t\t\twalkCb.bind (me, req));","\telse","\t\tthis.getNext ([oid], walkCb.bind (me, req));","","\treturn this;","};","","/*****************************************************************************"," ** Exports"," **/","","exports.Session = Session;","","exports.createSession = function (target, community, options) {","\treturn new Session (target, community, options);","};","","exports.isVarbindError = isVarbindError;","exports.varbindError = varbindError;","","exports.Version1 = Version1;","exports.Version2c = Version2c;","","exports.ErrorStatus = ErrorStatus;","exports.TrapType = TrapType;","exports.ObjectType = ObjectType;","","exports.ResponseInvalidError = ResponseInvalidError;","exports.RequestInvalidError = RequestInvalidError;","exports.RequestFailedError = RequestFailedError;","exports.RequestTimedOutError = RequestTimedOutError;","","/**"," ** We've added this for testing."," **/","exports.ObjectParser = {","\treadInt: readInt,","\treadUint: readUint","};",""],"l":{"4":1,"5":1,"6":1,"7":1,"13":1,"14":4,"15":4,"16":49,"17":4,"18":49,"21":1,"43":1,"45":1,"62":1,"64":1,"65":1,"66":1,"67":1,"69":1,"81":1,"83":1,"93":1,"95":1,"96":1,"102":1,"103":0,"104":0,"105":0,"107":1,"109":1,"110":0,"111":0,"112":0,"114":1,"116":1,"117":0,"118":0,"119":0,"120":0,"122":1,"124":1,"125":0,"126":0,"127":0,"129":1,"135":1,"136":0,"141":1,"142":0,"145":1,"146":0,"147":0,"148":0,"150":1,"151":0,"152":0,"153":0,"154":0,"155":0,"156":0,"157":0,"158":0,"160":0,"163":0,"164":0,"165":0,"167":0,"168":0,"169":0,"170":0,"171":0,"172":0,"175":0,"178":0,"183":1,"184":0,"185":0,"187":0,"188":0,"190":0,"191":0,"192":0,"195":0,"209":1,"210":0,"213":1,"214":0,"215":0,"216":0,"217":0,"219":0,"220":0,"221":0,"222":0,"223":0,"224":0,"227":0,"228":0,"229":0,"231":0,"232":0,"233":0,"237":0,"238":0,"240":0,"243":1,"244":0,"246":0,"249":1,"250":0,"252":0,"253":0,"254":0,"255":0,"257":0,"258":0,"260":0,"262":0,"263":0,"264":0,"265":0,"266":0,"267":0,"268":0,"269":0,"270":0,"271":0,"272":0,"273":0,"274":0,"275":0,"276":0,"277":0,"280":0,"281":0,"282":0,"283":0,"284":0,"285":0,"286":0,"287":0,"288":0,"289":0,"290":0,"291":0,"292":0,"293":0,"294":0,"295":0,"296":0,"297":0,"298":0,"299":0,"300":0,"301":0,"302":0,"304":0,"308":0,"316":1,"317":0,"318":0,"319":0,"322":1,"323":0,"326":1,"327":0,"328":0,"329":0,"330":0,"332":0,"333":0,"334":0,"336":0,"337":0,"338":0,"339":0,"340":0,"341":0,"342":0,"344":0,"345":0,"346":0,"347":0,"348":0,"349":0,"350":0,"351":0,"352":0,"354":0,"355":0,"356":0,"357":0,"358":0,"359":0,"360":0,"361":0,"362":0,"363":0,"364":0,"366":0,"370":0,"373":0,"375":0,"382":1,"383":0,"384":0,"385":0,"388":1,"389":0,"391":0,"392":0,"395":0,"399":0,"401":0,"404":1,"405":0,"406":0,"409":1,"411":1,"412":0,"413":0,"416":1,"418":1,"419":0,"421":0,"423":0,"425":0,"426":0,"428":0,"430":0,"433":1,"434":0,"435":0,"438":1,"440":1,"441":0,"442":0,"445":1,"447":1,"448":0,"449":0,"452":1,"454":1,"455":0,"457":0,"458":0,"460":0,"461":0,"462":0,"463":0,"465":0,"466":0,"467":0,"470":0,"473":1,"474":0,"476":0,"477":0,"479":0,"480":0,"481":0,"484":0,"486":0,"489":1,"490":0,"491":0,"494":1,"500":1,"501":0,"502":0,"503":0,"506":1,"507":0,"508":0,"510":0,"512":0,"514":0,"515":0,"517":0,"519":0,"521":0,"523":0,"526":1,"527":0,"529":0,"531":0,"532":0,"534":0,"536":0,"537":0,"539":0,"548":1,"549":0,"550":0,"552":0,"556":0,"559":0,"562":0,"566":0,"569":0,"573":0,"576":0,"580":0,"581":0,"583":0,"584":0,"586":0,"587":0,"588":0,"589":0,"591":0,"592":0,"595":1,"597":1,"598":0,"599":0,"602":1,"603":0,"604":0,"605":0,"606":0,"607":0,"611":1,"612":0,"615":1,"616":1,"617":0,"618":0,"620":0,"621":0,"624":0,"625":0,"626":0,"631":0,"633":0,"637":0,"641":0,"643":0,"644":0,"647":0,"650":0,"652":0,"655":1,"656":0,"658":0,"659":0,"660":0,"661":0,"662":0,"663":0,"664":0,"665":0,"666":0,"667":0,"669":0,"670":0,"671":0,"672":0,"675":1,"676":0,"677":0,"678":0,"681":0,"682":0,"686":0,"687":0,"688":0,"689":0,"691":0,"696":0,"698":0,"703":0,"706":0,"707":0,"712":0,"713":0,"714":0,"715":0,"717":0,"718":0,"719":0,"720":0,"721":0,"724":0,"730":0,"732":0,"733":0,"734":0,"740":0,"743":0,"745":0,"746":0,"749":0,"752":0,"757":0,"760":0,"763":1,"764":1,"765":0,"766":0,"768":0,"769":0,"772":0,"773":0,"774":0,"775":0,"777":0,"782":0,"784":0,"788":0,"792":0,"794":0,"795":0,"798":0,"801":0,"803":0,"806":1,"807":0,"808":0,"818":0,"819":0,"820":0,"821":0,"822":0,"823":0,"824":0,"825":0,"826":0,"828":0,"829":0,"832":0,"833":0,"836":1,"837":0,"838":0,"840":0,"841":0,"844":0,"845":0,"846":0,"851":0,"853":0,"857":0,"861":0,"862":0,"864":0,"877":0,"878":0,"883":0,"886":0,"888":0,"890":0,"893":1,"894":0,"895":0,"898":1,"899":0,"902":1,"903":0,"904":0,"906":0,"907":0,"908":0,"910":0,"911":0,"912":0,"915":0,"916":0,"919":0,"920":0,"922":0,"926":0,"929":0,"933":1,"934":0,"936":0,"937":0,"939":0,"942":0,"943":0,"945":0,"946":0,"948":0,"951":0,"955":1,"956":0,"957":0,"958":0,"959":0,"960":0,"962":0,"963":0,"964":0,"965":0,"967":0,"968":0,"974":1,"975":0,"976":0,"978":0,"980":0,"982":0,"983":0,"985":0,"986":0,"988":0,"993":0,"996":0,"999":1,"1000":1,"1001":0,"1002":0,"1004":0,"1005":0,"1008":0,"1009":0,"1010":0,"1015":0,"1017":0,"1021":0,"1025":0,"1027":0,"1028":0,"1033":0,"1036":0,"1038":0,"1041":1,"1043":0,"1045":0,"1046":0,"1047":0,"1048":0,"1050":0,"1061":0,"1063":0,"1064":0,"1068":1,"1069":0,"1071":0,"1072":0,"1073":0,"1074":0,"1078":0,"1079":0,"1081":0,"1082":0,"1085":1,"1086":0,"1087":0,"1088":0,"1090":0,"1091":0,"1092":0,"1093":0,"1095":0,"1096":0,"1097":0,"1100":0,"1107":0,"1109":0,"1112":1,"1113":0,"1114":0,"1115":0,"1116":0,"1118":0,"1119":0,"1120":0,"1121":0,"1125":0,"1130":1,"1131":0,"1132":0,"1133":0,"1134":0,"1137":0,"1138":0,"1139":0,"1140":0,"1141":0,"1142":0,"1143":0,"1149":1,"1150":0,"1152":0,"1153":0,"1154":0,"1156":0,"1157":0,"1158":0,"1160":0,"1161":0,"1164":0,"1173":0,"1174":0,"1175":0,"1180":0,"1183":1,"1184":0,"1185":0,"1186":0,"1187":0,"1189":0,"1192":1,"1193":0,"1194":0,"1195":0,"1196":0,"1199":0,"1200":0,"1201":0,"1202":0,"1203":0,"1204":0,"1205":0,"1211":1,"1212":0,"1214":0,"1215":0,"1217":0,"1218":0,"1219":0,"1221":0,"1222":0,"1225":0,"1233":0,"1236":0,"1239":1,"1240":0,"1242":0,"1243":0,"1244":0,"1256":0,"1257":0,"1258":0,"1259":0,"1260":0,"1261":0,"1263":0,"1264":0,"1265":0,"1266":0,"1267":0,"1268":0,"1269":0,"1270":0,"1272":0,"1273":0,"1275":0,"1277":0,"1278":0,"1281":0,"1283":0,"1284":0,"1289":0,"1292":0,"1294":0,"1295":0,"1296":0,"1298":0,"1311":0,"1313":0,"1316":0,"1318":0,"1325":0,"1327":0,"1328":0,"1331":0,"1334":1,"1335":0,"1336":0,"1337":0,"1338":0,"1339":0,"1340":0,"1341":0,"1342":0,"1343":0,"1345":0,"1349":1,"1350":0,"1351":0,"1353":0,"1354":0,"1355":0,"1356":0,"1357":0,"1360":0,"1363":0,"1364":0,"1368":0,"1369":0,"1370":0,"1371":0,"1372":0,"1375":0,"1376":0,"1377":0,"1378":0,"1380":0,"1381":0,"1382":0,"1384":0,"1389":0,"1390":0,"1392":0,"1396":1,"1397":0,"1398":0,"1399":0,"1401":0,"1402":0,"1403":0,"1404":0,"1406":0,"1407":0,"1408":0,"1411":0,"1417":0,"1418":0,"1421":0,"1423":0,"1430":1,"1432":1,"1433":0,"1436":1,"1437":1,"1439":1,"1440":1,"1442":1,"1443":1,"1444":1,"1446":1,"1447":1,"1448":1,"1449":1,"1454":1}}}